<?xml version="1.0" encoding="UTF-8"?>
<testsuite name="AccountServiceTest" tests="1" skipped="0" failures="0" errors="0" timestamp="2022-03-21T21:27:15" hostname="DESKTOP-L7B3B4M" time="16.733">
  <properties/>
  <testcase name="start" classname="AccountServiceTest" time="16.733"/>
  <system-out><![CDATA[?[1;31m
Start test 1?[0m

  .   ____          _            __ _ _
 /\\ / ___'_ __ _ _(_)_ __  __ _ \ \ \ \
( ( )\___ | '_ | '_| | '_ \/ _` | \ \ \ \
 \\/  ___)| |_)| | | | | || (_| |  ) ) ) )
  '  |____| .__|_| |_|_| |_\__, | / / / /
 =========|_|==============|___/=/_/_/_/
 :: Spring Boot ::        (v2.3.1.RELEASE)

2022-03-22 00:27:16.952  INFO 13200 --- [    Test worker] account.AccountServiceApplication        : Starting AccountServiceApplication on DESKTOP-L7B3B4M with PID 13200 (started by matro in C:\Users\matro\Documents\IdeaProjects\Account Service\Account Service\task)
2022-03-22 00:27:16.957  INFO 13200 --- [    Test worker] account.AccountServiceApplication        : No active profile set, falling back to default profiles: default
2022-03-22 00:27:18.423  INFO 13200 --- [    Test worker] .s.d.r.c.RepositoryConfigurationDelegate : Bootstrapping Spring Data JPA repositories in DEFERRED mode.
2022-03-22 00:27:18.511  INFO 13200 --- [    Test worker] .s.d.r.c.RepositoryConfigurationDelegate : Finished Spring Data repository scanning in 78ms. Found 1 JPA repository interfaces.
2022-03-22 00:27:19.073  INFO 13200 --- [    Test worker] trationDelegate$BeanPostProcessorChecker : Bean 'org.springframework.security.access.expression.method.DefaultMethodSecurityExpressionHandler@3c142004' of type [org.springframework.security.access.expression.method.DefaultMethodSecurityExpressionHandler] is not eligible for getting processed by all BeanPostProcessors (for example: not eligible for auto-proxying)
2022-03-22 00:27:19.080  INFO 13200 --- [    Test worker] trationDelegate$BeanPostProcessorChecker : Bean 'methodSecurityMetadataSource' of type [org.springframework.security.access.method.DelegatingMethodSecurityMetadataSource] is not eligible for getting processed by all BeanPostProcessors (for example: not eligible for auto-proxying)
2022-03-22 00:27:19.480  INFO 13200 --- [    Test worker] o.s.b.w.embedded.tomcat.TomcatWebServer  : Tomcat initialized with port(s): 28852 (http)
2022-03-22 00:27:19.496  INFO 13200 --- [    Test worker] o.apache.catalina.core.StandardService   : Starting service [Tomcat]
2022-03-22 00:27:19.497  INFO 13200 --- [    Test worker] org.apache.catalina.core.StandardEngine  : Starting Servlet engine: [Apache Tomcat/9.0.36]
2022-03-22 00:27:19.768  INFO 13200 --- [    Test worker] o.a.c.c.C.[Tomcat].[localhost].[/]       : Initializing Spring embedded WebApplicationContext
2022-03-22 00:27:19.769  INFO 13200 --- [    Test worker] w.s.c.ServletWebServerApplicationContext : Root WebApplicationContext: initialization completed in 2738 ms
2022-03-22 00:27:20.009  INFO 13200 --- [    Test worker] com.zaxxer.hikari.HikariDataSource       : HikariPool-1 - Starting...
2022-03-22 00:27:20.278  INFO 13200 --- [    Test worker] com.zaxxer.hikari.HikariDataSource       : HikariPool-1 - Start completed.
2022-03-22 00:27:20.299  INFO 13200 --- [    Test worker] o.s.b.a.h2.H2ConsoleAutoConfiguration    : H2 console available at '/h2'. Database available at 'jdbc:h2:file:../service_db'
2022-03-22 00:27:20.538  INFO 13200 --- [    Test worker] o.s.s.concurrent.ThreadPoolTaskExecutor  : Initializing ExecutorService 'applicationTaskExecutor'
2022-03-22 00:27:20.657  INFO 13200 --- [         task-1] o.hibernate.jpa.internal.util.LogHelper  : HHH000204: Processing PersistenceUnitInfo [name: default]
2022-03-22 00:27:20.680  WARN 13200 --- [    Test worker] JpaBaseConfiguration$JpaWebConfiguration : spring.jpa.open-in-view is enabled by default. Therefore, database queries may be performed during view rendering. Explicitly configure spring.jpa.open-in-view to disable this warning
2022-03-22 00:27:20.772  INFO 13200 --- [         task-1] org.hibernate.Version                    : HHH000412: Hibernate ORM core version 5.4.17.Final
2022-03-22 00:27:21.047  INFO 13200 --- [         task-1] o.hibernate.annotations.common.Version   : HCANN000001: Hibernate Commons Annotations {5.1.0.Final}
2022-03-22 00:27:21.292  INFO 13200 --- [         task-1] org.hibernate.dialect.Dialect            : HHH000400: Using dialect: org.hibernate.dialect.H2Dialect
2022-03-22 00:27:21.571  INFO 13200 --- [    Test worker] o.s.b.a.e.web.EndpointLinksResolver      : Exposing 14 endpoint(s) beneath base path '/actuator'
2022-03-22 00:27:21.697  INFO 13200 --- [    Test worker] o.s.s.web.DefaultSecurityFilterChain     : Creating filter chain: any request, [org.springframework.security.web.context.request.async.WebAsyncManagerIntegrationFilter@5be2c28a, org.springframework.security.web.context.SecurityContextPersistenceFilter@2d528733, org.springframework.security.web.header.HeaderWriterFilter@31401b0e, org.springframework.security.web.authentication.logout.LogoutFilter@c5d2403, org.springframework.security.web.authentication.www.BasicAuthenticationFilter@749a5c15, org.springframework.security.web.savedrequest.RequestCacheAwareFilter@50f6d3a4, org.springframework.security.web.servletapi.SecurityContextHolderAwareRequestFilter@6a7166d9, org.springframework.security.web.authentication.AnonymousAuthenticationFilter@2f45ea08, org.springframework.security.web.session.SessionManagementFilter@115217ec, org.springframework.security.web.access.ExceptionTranslationFilter@6573bb32, org.springframework.security.web.access.intercept.FilterSecurityInterceptor@6b4987e0]
2022-03-22 00:27:21.707  WARN 13200 --- [    Test worker] o.s.s.c.a.web.builders.WebSecurity       : 

********************************************************************
**********        Security debugging is enabled.       *************
**********    This may include sensitive information.  *************
**********      Do not use in a production system!     *************
********************************************************************


Hibernate: 
    
    create table users (
       id bigint generated by default as identity,
        email varchar(255),
        lastname varchar(255),
        name varchar(255),
        password varchar(255),
        primary key (id)
    )
2022-03-22 00:27:22.630  INFO 13200 --- [         task-1] o.h.e.t.j.p.i.JtaPlatformInitiator       : HHH000490: Using JtaPlatform implementation: [org.hibernate.engine.transaction.jta.platform.internal.NoJtaPlatform]
2022-03-22 00:27:22.641  INFO 13200 --- [         task-1] j.LocalContainerEntityManagerFactoryBean : Initialized JPA EntityManagerFactory for persistence unit 'default'
2022-03-22 00:27:22.793  INFO 13200 --- [    Test worker] o.s.b.w.embedded.tomcat.TomcatWebServer  : Tomcat started on port(s): 28852 (http) with context path ''
2022-03-22 00:27:22.795  INFO 13200 --- [    Test worker] DeferredRepositoryInitializationListener : Triggering deferred initialization of Spring Data repositories…
2022-03-22 00:27:23.210  INFO 13200 --- [    Test worker] DeferredRepositoryInitializationListener : Spring Data repositories initialized!
2022-03-22 00:27:23.229  INFO 13200 --- [    Test worker] account.AccountServiceApplication        : Started AccountServiceApplication in 6.872 seconds (JVM running for 8.585)
2022-03-22 00:27:23.671  INFO 13200 --- [io-28852-exec-1] o.a.c.c.C.[Tomcat].[localhost].[/]       : Initializing Spring DispatcherServlet 'dispatcherServlet'
2022-03-22 00:27:23.671  INFO 13200 --- [io-28852-exec-1] o.s.web.servlet.DispatcherServlet        : Initializing Servlet 'dispatcherServlet'
2022-03-22 00:27:23.685  INFO 13200 --- [io-28852-exec-1] o.s.web.servlet.DispatcherServlet        : Completed initialization in 14 ms
2022-03-22 00:27:23.702  INFO 13200 --- [io-28852-exec-1] Spring Security Debugger                 : 

************************************************************

Request received for POST '/api/auth/signup':

org.apache.catalina.connector.RequestFacade@89f7b52

servletPath:/api/auth/signup
pathInfo:null
headers: 
content-type: application/json
content-length: 81
host: localhost:28852
connection: Keep-Alive
user-agent: Apache-HttpClient/4.5.12 (Java/11.0.13)
accept-encoding: gzip,deflate


Security filter chain: [
  WebAsyncManagerIntegrationFilter
  SecurityContextPersistenceFilter
  HeaderWriterFilter
  LogoutFilter
  BasicAuthenticationFilter
  RequestCacheAwareFilter
  SecurityContextHolderAwareRequestFilter
  AnonymousAuthenticationFilter
  SessionManagementFilter
  ExceptionTranslationFilter
  FilterSecurityInterceptor
]


************************************************************


?[1;31m
Start test 2?[0m
2022-03-22 00:27:23.948  INFO 13200 --- [io-28852-exec-2] Spring Security Debugger                 : 

************************************************************

Request received for POST '/api/auth/signup':

org.apache.catalina.connector.RequestFacade@d427eb5

servletPath:/api/auth/signup
pathInfo:null
headers: 
content-type: application/json
content-length: 71
host: localhost:28852
connection: Keep-Alive
user-agent: Apache-HttpClient/4.5.12 (Java/11.0.13)
accept-encoding: gzip,deflate


Security filter chain: [
  WebAsyncManagerIntegrationFilter
  SecurityContextPersistenceFilter
  HeaderWriterFilter
  LogoutFilter
  BasicAuthenticationFilter
  RequestCacheAwareFilter
  SecurityContextHolderAwareRequestFilter
  AnonymousAuthenticationFilter
  SessionManagementFilter
  ExceptionTranslationFilter
  FilterSecurityInterceptor
]


************************************************************


?[1;31m
Start test 3?[0m
2022-03-22 00:27:23.979  INFO 13200 --- [io-28852-exec-3] Spring Security Debugger                 : 

************************************************************

Request received for POST '/api/auth/signup':

org.apache.catalina.connector.RequestFacade@20c1adb1

servletPath:/api/auth/signup
pathInfo:null
headers: 
content-type: application/json
content-length: 82
host: localhost:28852
connection: Keep-Alive
user-agent: Apache-HttpClient/4.5.12 (Java/11.0.13)
accept-encoding: gzip,deflate


Security filter chain: [
  WebAsyncManagerIntegrationFilter
  SecurityContextPersistenceFilter
  HeaderWriterFilter
  LogoutFilter
  BasicAuthenticationFilter
  RequestCacheAwareFilter
  SecurityContextHolderAwareRequestFilter
  AnonymousAuthenticationFilter
  SessionManagementFilter
  ExceptionTranslationFilter
  FilterSecurityInterceptor
]


************************************************************


?[1;31m
Start test 4?[0m
2022-03-22 00:27:23.993  INFO 13200 --- [io-28852-exec-4] Spring Security Debugger                 : 

************************************************************

Request received for POST '/api/auth/signup':

org.apache.catalina.connector.RequestFacade@688384a4

servletPath:/api/auth/signup
pathInfo:null
headers: 
content-type: application/json
content-length: 68
host: localhost:28852
connection: Keep-Alive
user-agent: Apache-HttpClient/4.5.12 (Java/11.0.13)
accept-encoding: gzip,deflate


Security filter chain: [
  WebAsyncManagerIntegrationFilter
  SecurityContextPersistenceFilter
  HeaderWriterFilter
  LogoutFilter
  BasicAuthenticationFilter
  RequestCacheAwareFilter
  SecurityContextHolderAwareRequestFilter
  AnonymousAuthenticationFilter
  SessionManagementFilter
  ExceptionTranslationFilter
  FilterSecurityInterceptor
]


************************************************************


?[1;31m
Start test 5?[0m
2022-03-22 00:27:24.007  INFO 13200 --- [io-28852-exec-5] Spring Security Debugger                 : 

************************************************************

Request received for POST '/api/auth/signup':

org.apache.catalina.connector.RequestFacade@2f80752e

servletPath:/api/auth/signup
pathInfo:null
headers: 
content-type: application/json
content-length: 69
host: localhost:28852
connection: Keep-Alive
user-agent: Apache-HttpClient/4.5.12 (Java/11.0.13)
accept-encoding: gzip,deflate


Security filter chain: [
  WebAsyncManagerIntegrationFilter
  SecurityContextPersistenceFilter
  HeaderWriterFilter
  LogoutFilter
  BasicAuthenticationFilter
  RequestCacheAwareFilter
  SecurityContextHolderAwareRequestFilter
  AnonymousAuthenticationFilter
  SessionManagementFilter
  ExceptionTranslationFilter
  FilterSecurityInterceptor
]


************************************************************


?[1;31m
Start test 6?[0m
2022-03-22 00:27:24.021  INFO 13200 --- [io-28852-exec-6] Spring Security Debugger                 : 

************************************************************

Request received for POST '/api/auth/signup':

org.apache.catalina.connector.RequestFacade@26e9aa97

servletPath:/api/auth/signup
pathInfo:null
headers: 
content-type: application/json
content-length: 58
host: localhost:28852
connection: Keep-Alive
user-agent: Apache-HttpClient/4.5.12 (Java/11.0.13)
accept-encoding: gzip,deflate


Security filter chain: [
  WebAsyncManagerIntegrationFilter
  SecurityContextPersistenceFilter
  HeaderWriterFilter
  LogoutFilter
  BasicAuthenticationFilter
  RequestCacheAwareFilter
  SecurityContextHolderAwareRequestFilter
  AnonymousAuthenticationFilter
  SessionManagementFilter
  ExceptionTranslationFilter
  FilterSecurityInterceptor
]


************************************************************


?[1;31m
Start test 7?[0m
2022-03-22 00:27:24.035  INFO 13200 --- [io-28852-exec-7] Spring Security Debugger                 : 

************************************************************

Request received for POST '/api/auth/signup':

org.apache.catalina.connector.RequestFacade@58bb8631

servletPath:/api/auth/signup
pathInfo:null
headers: 
content-type: application/json
content-length: 73
host: localhost:28852
connection: Keep-Alive
user-agent: Apache-HttpClient/4.5.12 (Java/11.0.13)
accept-encoding: gzip,deflate


Security filter chain: [
  WebAsyncManagerIntegrationFilter
  SecurityContextPersistenceFilter
  HeaderWriterFilter
  LogoutFilter
  BasicAuthenticationFilter
  RequestCacheAwareFilter
  SecurityContextHolderAwareRequestFilter
  AnonymousAuthenticationFilter
  SessionManagementFilter
  ExceptionTranslationFilter
  FilterSecurityInterceptor
]


************************************************************


?[1;31m
Start test 8?[0m
2022-03-22 00:27:24.059  INFO 13200 --- [io-28852-exec-8] Spring Security Debugger                 : 

************************************************************

Request received for POST '/api/auth/signup':

org.apache.catalina.connector.RequestFacade@5f9dbb84

servletPath:/api/auth/signup
pathInfo:null
headers: 
content-type: application/json
content-length: 59
host: localhost:28852
connection: Keep-Alive
user-agent: Apache-HttpClient/4.5.12 (Java/11.0.13)
accept-encoding: gzip,deflate


Security filter chain: [
  WebAsyncManagerIntegrationFilter
  SecurityContextPersistenceFilter
  HeaderWriterFilter
  LogoutFilter
  BasicAuthenticationFilter
  RequestCacheAwareFilter
  SecurityContextHolderAwareRequestFilter
  AnonymousAuthenticationFilter
  SessionManagementFilter
  ExceptionTranslationFilter
  FilterSecurityInterceptor
]


************************************************************


?[1;31m
Start test 9?[0m
2022-03-22 00:27:24.072  INFO 13200 --- [io-28852-exec-9] Spring Security Debugger                 : 

************************************************************

Request received for POST '/api/auth/signup':

org.apache.catalina.connector.RequestFacade@531a1007

servletPath:/api/auth/signup
pathInfo:null
headers: 
content-type: application/json
content-length: 84
host: localhost:28852
connection: Keep-Alive
user-agent: Apache-HttpClient/4.5.12 (Java/11.0.13)
accept-encoding: gzip,deflate


Security filter chain: [
  WebAsyncManagerIntegrationFilter
  SecurityContextPersistenceFilter
  HeaderWriterFilter
  LogoutFilter
  BasicAuthenticationFilter
  RequestCacheAwareFilter
  SecurityContextHolderAwareRequestFilter
  AnonymousAuthenticationFilter
  SessionManagementFilter
  ExceptionTranslationFilter
  FilterSecurityInterceptor
]


************************************************************


?[1;31m
Start test 10?[0m
2022-03-22 00:27:24.129  INFO 13200 --- [o-28852-exec-10] Spring Security Debugger                 : 

************************************************************

Request received for POST '/api/auth/signup':

org.apache.catalina.connector.RequestFacade@1e029a6f

servletPath:/api/auth/signup
pathInfo:null
headers: 
content-type: application/json
content-length: 87
host: localhost:28852
connection: Keep-Alive
user-agent: Apache-HttpClient/4.5.12 (Java/11.0.13)
accept-encoding: gzip,deflate


Security filter chain: [
  WebAsyncManagerIntegrationFilter
  SecurityContextPersistenceFilter
  HeaderWriterFilter
  LogoutFilter
  BasicAuthenticationFilter
  RequestCacheAwareFilter
  SecurityContextHolderAwareRequestFilter
  AnonymousAuthenticationFilter
  SessionManagementFilter
  ExceptionTranslationFilter
  FilterSecurityInterceptor
]


************************************************************


?[1;31m
Start test 11?[0m
2022-03-22 00:27:24.149  INFO 13200 --- [io-28852-exec-1] Spring Security Debugger                 : 

************************************************************

Request received for POST '/api/auth/signup':

org.apache.catalina.connector.RequestFacade@4968a27a

servletPath:/api/auth/signup
pathInfo:null
headers: 
content-type: application/json
content-length: 91
host: localhost:28852
connection: Keep-Alive
user-agent: Apache-HttpClient/4.5.12 (Java/11.0.13)
accept-encoding: gzip,deflate


Security filter chain: [
  WebAsyncManagerIntegrationFilter
  SecurityContextPersistenceFilter
  HeaderWriterFilter
  LogoutFilter
  BasicAuthenticationFilter
  RequestCacheAwareFilter
  SecurityContextHolderAwareRequestFilter
  AnonymousAuthenticationFilter
  SessionManagementFilter
  ExceptionTranslationFilter
  FilterSecurityInterceptor
]


************************************************************


2022-03-22 00:27:24.168  INFO 13200 --- [io-28852-exec-2] Spring Security Debugger                 : 

************************************************************

Request received for POST '/api/auth/signup':

org.apache.catalina.connector.RequestFacade@7ba15c5

servletPath:/api/auth/signup
pathInfo:null
headers: 
content-type: application/json
content-length: 92
host: localhost:28852
connection: Keep-Alive
user-agent: Apache-HttpClient/4.5.12 (Java/11.0.13)
accept-encoding: gzip,deflate


Security filter chain: [
  WebAsyncManagerIntegrationFilter
  SecurityContextPersistenceFilter
  HeaderWriterFilter
  LogoutFilter
  BasicAuthenticationFilter
  RequestCacheAwareFilter
  SecurityContextHolderAwareRequestFilter
  AnonymousAuthenticationFilter
  SessionManagementFilter
  ExceptionTranslationFilter
  FilterSecurityInterceptor
]


************************************************************


2022-03-22 00:27:24.181  INFO 13200 --- [io-28852-exec-3] Spring Security Debugger                 : 

************************************************************

Request received for POST '/api/auth/signup':

org.apache.catalina.connector.RequestFacade@128ea7a

servletPath:/api/auth/signup
pathInfo:null
headers: 
content-type: application/json
content-length: 89
host: localhost:28852
connection: Keep-Alive
user-agent: Apache-HttpClient/4.5.12 (Java/11.0.13)
accept-encoding: gzip,deflate


Security filter chain: [
  WebAsyncManagerIntegrationFilter
  SecurityContextPersistenceFilter
  HeaderWriterFilter
  LogoutFilter
  BasicAuthenticationFilter
  RequestCacheAwareFilter
  SecurityContextHolderAwareRequestFilter
  AnonymousAuthenticationFilter
  SessionManagementFilter
  ExceptionTranslationFilter
  FilterSecurityInterceptor
]


************************************************************


2022-03-22 00:27:24.193  INFO 13200 --- [io-28852-exec-4] Spring Security Debugger                 : 

************************************************************

Request received for POST '/api/auth/signup':

org.apache.catalina.connector.RequestFacade@627befd4

servletPath:/api/auth/signup
pathInfo:null
headers: 
content-type: application/json
content-length: 89
host: localhost:28852
connection: Keep-Alive
user-agent: Apache-HttpClient/4.5.12 (Java/11.0.13)
accept-encoding: gzip,deflate


Security filter chain: [
  WebAsyncManagerIntegrationFilter
  SecurityContextPersistenceFilter
  HeaderWriterFilter
  LogoutFilter
  BasicAuthenticationFilter
  RequestCacheAwareFilter
  SecurityContextHolderAwareRequestFilter
  AnonymousAuthenticationFilter
  SessionManagementFilter
  ExceptionTranslationFilter
  FilterSecurityInterceptor
]


************************************************************


2022-03-22 00:27:24.203  INFO 13200 --- [io-28852-exec-5] Spring Security Debugger                 : 

************************************************************

Request received for POST '/api/auth/signup':

org.apache.catalina.connector.RequestFacade@51d0616e

servletPath:/api/auth/signup
pathInfo:null
headers: 
content-type: application/json
content-length: 87
host: localhost:28852
connection: Keep-Alive
user-agent: Apache-HttpClient/4.5.12 (Java/11.0.13)
accept-encoding: gzip,deflate


Security filter chain: [
  WebAsyncManagerIntegrationFilter
  SecurityContextPersistenceFilter
  HeaderWriterFilter
  LogoutFilter
  BasicAuthenticationFilter
  RequestCacheAwareFilter
  SecurityContextHolderAwareRequestFilter
  AnonymousAuthenticationFilter
  SessionManagementFilter
  ExceptionTranslationFilter
  FilterSecurityInterceptor
]


************************************************************


2022-03-22 00:27:24.214  INFO 13200 --- [io-28852-exec-6] Spring Security Debugger                 : 

************************************************************

Request received for POST '/api/auth/signup':

org.apache.catalina.connector.RequestFacade@2c11c1e7

servletPath:/api/auth/signup
pathInfo:null
headers: 
content-type: application/json
content-length: 88
host: localhost:28852
connection: Keep-Alive
user-agent: Apache-HttpClient/4.5.12 (Java/11.0.13)
accept-encoding: gzip,deflate


Security filter chain: [
  WebAsyncManagerIntegrationFilter
  SecurityContextPersistenceFilter
  HeaderWriterFilter
  LogoutFilter
  BasicAuthenticationFilter
  RequestCacheAwareFilter
  SecurityContextHolderAwareRequestFilter
  AnonymousAuthenticationFilter
  SessionManagementFilter
  ExceptionTranslationFilter
  FilterSecurityInterceptor
]


************************************************************


2022-03-22 00:27:24.236  INFO 13200 --- [io-28852-exec-7] Spring Security Debugger                 : 

************************************************************

Request received for POST '/api/auth/signup':

org.apache.catalina.connector.RequestFacade@5243ed41

servletPath:/api/auth/signup
pathInfo:null
headers: 
content-type: application/json
content-length: 88
host: localhost:28852
connection: Keep-Alive
user-agent: Apache-HttpClient/4.5.12 (Java/11.0.13)
accept-encoding: gzip,deflate


Security filter chain: [
  WebAsyncManagerIntegrationFilter
  SecurityContextPersistenceFilter
  HeaderWriterFilter
  LogoutFilter
  BasicAuthenticationFilter
  RequestCacheAwareFilter
  SecurityContextHolderAwareRequestFilter
  AnonymousAuthenticationFilter
  SessionManagementFilter
  ExceptionTranslationFilter
  FilterSecurityInterceptor
]


************************************************************


2022-03-22 00:27:24.258  INFO 13200 --- [io-28852-exec-8] Spring Security Debugger                 : 

************************************************************

Request received for POST '/api/auth/signup':

org.apache.catalina.connector.RequestFacade@22148c2f

servletPath:/api/auth/signup
pathInfo:null
headers: 
content-type: application/json
content-length: 90
host: localhost:28852
connection: Keep-Alive
user-agent: Apache-HttpClient/4.5.12 (Java/11.0.13)
accept-encoding: gzip,deflate


Security filter chain: [
  WebAsyncManagerIntegrationFilter
  SecurityContextPersistenceFilter
  HeaderWriterFilter
  LogoutFilter
  BasicAuthenticationFilter
  RequestCacheAwareFilter
  SecurityContextHolderAwareRequestFilter
  AnonymousAuthenticationFilter
  SessionManagementFilter
  ExceptionTranslationFilter
  FilterSecurityInterceptor
]


************************************************************


2022-03-22 00:27:24.268  INFO 13200 --- [io-28852-exec-9] Spring Security Debugger                 : 

************************************************************

Request received for POST '/api/auth/signup':

org.apache.catalina.connector.RequestFacade@7b8e5a6d

servletPath:/api/auth/signup
pathInfo:null
headers: 
content-type: application/json
content-length: 93
host: localhost:28852
connection: Keep-Alive
user-agent: Apache-HttpClient/4.5.12 (Java/11.0.13)
accept-encoding: gzip,deflate


Security filter chain: [
  WebAsyncManagerIntegrationFilter
  SecurityContextPersistenceFilter
  HeaderWriterFilter
  LogoutFilter
  BasicAuthenticationFilter
  RequestCacheAwareFilter
  SecurityContextHolderAwareRequestFilter
  AnonymousAuthenticationFilter
  SessionManagementFilter
  ExceptionTranslationFilter
  FilterSecurityInterceptor
]


************************************************************


2022-03-22 00:27:24.277  INFO 13200 --- [o-28852-exec-10] Spring Security Debugger                 : 

************************************************************

Request received for POST '/api/auth/signup':

org.apache.catalina.connector.RequestFacade@60e3ab72

servletPath:/api/auth/signup
pathInfo:null
headers: 
content-type: application/json
content-length: 91
host: localhost:28852
connection: Keep-Alive
user-agent: Apache-HttpClient/4.5.12 (Java/11.0.13)
accept-encoding: gzip,deflate


Security filter chain: [
  WebAsyncManagerIntegrationFilter
  SecurityContextPersistenceFilter
  HeaderWriterFilter
  LogoutFilter
  BasicAuthenticationFilter
  RequestCacheAwareFilter
  SecurityContextHolderAwareRequestFilter
  AnonymousAuthenticationFilter
  SessionManagementFilter
  ExceptionTranslationFilter
  FilterSecurityInterceptor
]


************************************************************


2022-03-22 00:27:24.287  INFO 13200 --- [io-28852-exec-1] Spring Security Debugger                 : 

************************************************************

Request received for POST '/api/auth/signup':

org.apache.catalina.connector.RequestFacade@48185b87

servletPath:/api/auth/signup
pathInfo:null
headers: 
content-type: application/json
content-length: 92
host: localhost:28852
connection: Keep-Alive
user-agent: Apache-HttpClient/4.5.12 (Java/11.0.13)
accept-encoding: gzip,deflate


Security filter chain: [
  WebAsyncManagerIntegrationFilter
  SecurityContextPersistenceFilter
  HeaderWriterFilter
  LogoutFilter
  BasicAuthenticationFilter
  RequestCacheAwareFilter
  SecurityContextHolderAwareRequestFilter
  AnonymousAuthenticationFilter
  SessionManagementFilter
  ExceptionTranslationFilter
  FilterSecurityInterceptor
]


************************************************************


2022-03-22 00:27:24.295  INFO 13200 --- [io-28852-exec-2] Spring Security Debugger                 : 

************************************************************

Request received for POST '/api/auth/signup':

org.apache.catalina.connector.RequestFacade@22976419

servletPath:/api/auth/signup
pathInfo:null
headers: 
content-type: application/json
content-length: 92
host: localhost:28852
connection: Keep-Alive
user-agent: Apache-HttpClient/4.5.12 (Java/11.0.13)
accept-encoding: gzip,deflate


Security filter chain: [
  WebAsyncManagerIntegrationFilter
  SecurityContextPersistenceFilter
  HeaderWriterFilter
  LogoutFilter
  BasicAuthenticationFilter
  RequestCacheAwareFilter
  SecurityContextHolderAwareRequestFilter
  AnonymousAuthenticationFilter
  SessionManagementFilter
  ExceptionTranslationFilter
  FilterSecurityInterceptor
]


************************************************************


?[1;31m
Start test 12?[0m
2022-03-22 00:27:24.306  INFO 13200 --- [io-28852-exec-3] Spring Security Debugger                 : 

************************************************************

Request received for POST '/api/auth/signup':

org.apache.catalina.connector.RequestFacade@5ecc882

servletPath:/api/auth/signup
pathInfo:null
headers: 
content-type: application/json
content-length: 85
host: localhost:28852
connection: Keep-Alive
user-agent: Apache-HttpClient/4.5.12 (Java/11.0.13)
accept-encoding: gzip,deflate


Security filter chain: [
  WebAsyncManagerIntegrationFilter
  SecurityContextPersistenceFilter
  HeaderWriterFilter
  LogoutFilter
  BasicAuthenticationFilter
  RequestCacheAwareFilter
  SecurityContextHolderAwareRequestFilter
  AnonymousAuthenticationFilter
  SessionManagementFilter
  ExceptionTranslationFilter
  FilterSecurityInterceptor
]


************************************************************


Hibernate: 
    select
        user0_.id as id1_0_,
        user0_.email as email2_0_,
        user0_.lastname as lastname3_0_,
        user0_.name as name4_0_,
        user0_.password as password5_0_ 
    from
        users user0_ 
    where
        upper(user0_.email)=upper(?)
Hibernate: 
    insert 
    into
        users
        (id, email, lastname, name, password) 
    values
        (null, ?, ?, ?, ?)
2022-03-22 00:27:24.696  INFO 13200 --- [io-28852-exec-4] Spring Security Debugger                 : 

************************************************************

Request received for POST '/api/auth/signup':

org.apache.catalina.connector.RequestFacade@1694dcf6

servletPath:/api/auth/signup
pathInfo:null
headers: 
content-type: application/json
content-length: 85
host: localhost:28852
connection: Keep-Alive
user-agent: Apache-HttpClient/4.5.12 (Java/11.0.13)
accept-encoding: gzip,deflate


Security filter chain: [
  WebAsyncManagerIntegrationFilter
  SecurityContextPersistenceFilter
  HeaderWriterFilter
  LogoutFilter
  BasicAuthenticationFilter
  RequestCacheAwareFilter
  SecurityContextHolderAwareRequestFilter
  AnonymousAuthenticationFilter
  SessionManagementFilter
  ExceptionTranslationFilter
  FilterSecurityInterceptor
]


************************************************************


Hibernate: 
    select
        user0_.id as id1_0_,
        user0_.email as email2_0_,
        user0_.lastname as lastname3_0_,
        user0_.name as name4_0_,
        user0_.password as password5_0_ 
    from
        users user0_ 
    where
        upper(user0_.email)=upper(?)
2022-03-22 00:27:24.716  INFO 13200 --- [io-28852-exec-4] Spring Security Debugger                 : 

************************************************************

Request received for POST '/error':

org.apache.catalina.core.ApplicationHttpRequest@2e01d0f1

servletPath:/error
pathInfo:null
headers: 
content-type: application/json
content-length: 85
host: localhost:28852
connection: Keep-Alive
user-agent: Apache-HttpClient/4.5.12 (Java/11.0.13)
accept-encoding: gzip,deflate


Security filter chain: [
  WebAsyncManagerIntegrationFilter
  SecurityContextPersistenceFilter
  HeaderWriterFilter
  LogoutFilter
  BasicAuthenticationFilter
  RequestCacheAwareFilter
  SecurityContextHolderAwareRequestFilter
  AnonymousAuthenticationFilter
  SessionManagementFilter
  ExceptionTranslationFilter
  FilterSecurityInterceptor
]


************************************************************


?[1;31m
Start test 13?[0m
2022-03-22 00:27:24.770  INFO 13200 --- [io-28852-exec-5] Spring Security Debugger                 : 

************************************************************

Request received for POST '/api/auth/signup':

org.apache.catalina.connector.RequestFacade@2f3b22a8

servletPath:/api/auth/signup
pathInfo:null
headers: 
content-type: application/json
content-length: 85
host: localhost:28852
connection: Keep-Alive
user-agent: Apache-HttpClient/4.5.12 (Java/11.0.13)
accept-encoding: gzip,deflate


Security filter chain: [
  WebAsyncManagerIntegrationFilter
  SecurityContextPersistenceFilter
  HeaderWriterFilter
  LogoutFilter
  BasicAuthenticationFilter
  RequestCacheAwareFilter
  SecurityContextHolderAwareRequestFilter
  AnonymousAuthenticationFilter
  SessionManagementFilter
  ExceptionTranslationFilter
  FilterSecurityInterceptor
]


************************************************************


Hibernate: 
    select
        user0_.id as id1_0_,
        user0_.email as email2_0_,
        user0_.lastname as lastname3_0_,
        user0_.name as name4_0_,
        user0_.password as password5_0_ 
    from
        users user0_ 
    where
        upper(user0_.email)=upper(?)
2022-03-22 00:27:24.782  INFO 13200 --- [io-28852-exec-5] Spring Security Debugger                 : 

************************************************************

Request received for POST '/error':

org.apache.catalina.core.ApplicationHttpRequest@2264c9d2

servletPath:/error
pathInfo:null
headers: 
content-type: application/json
content-length: 85
host: localhost:28852
connection: Keep-Alive
user-agent: Apache-HttpClient/4.5.12 (Java/11.0.13)
accept-encoding: gzip,deflate


Security filter chain: [
  WebAsyncManagerIntegrationFilter
  SecurityContextPersistenceFilter
  HeaderWriterFilter
  LogoutFilter
  BasicAuthenticationFilter
  RequestCacheAwareFilter
  SecurityContextHolderAwareRequestFilter
  AnonymousAuthenticationFilter
  SessionManagementFilter
  ExceptionTranslationFilter
  FilterSecurityInterceptor
]


************************************************************


?[1;31m
Start test 14?[0m
2022-03-22 00:27:24.796  INFO 13200 --- [io-28852-exec-6] Spring Security Debugger                 : 

************************************************************

Request received for POST '/api/auth/signup':

org.apache.catalina.connector.RequestFacade@7ec115a6

servletPath:/api/auth/signup
pathInfo:null
headers: 
content-type: application/json
content-length: 85
host: localhost:28852
connection: Keep-Alive
user-agent: Apache-HttpClient/4.5.12 (Java/11.0.13)
accept-encoding: gzip,deflate


Security filter chain: [
  WebAsyncManagerIntegrationFilter
  SecurityContextPersistenceFilter
  HeaderWriterFilter
  LogoutFilter
  BasicAuthenticationFilter
  RequestCacheAwareFilter
  SecurityContextHolderAwareRequestFilter
  AnonymousAuthenticationFilter
  SessionManagementFilter
  ExceptionTranslationFilter
  FilterSecurityInterceptor
]


************************************************************


Hibernate: 
    select
        user0_.id as id1_0_,
        user0_.email as email2_0_,
        user0_.lastname as lastname3_0_,
        user0_.name as name4_0_,
        user0_.password as password5_0_ 
    from
        users user0_ 
    where
        upper(user0_.email)=upper(?)
2022-03-22 00:27:24.804  INFO 13200 --- [io-28852-exec-6] Spring Security Debugger                 : 

************************************************************

Request received for POST '/error':

org.apache.catalina.core.ApplicationHttpRequest@6a0f2d7f

servletPath:/error
pathInfo:null
headers: 
content-type: application/json
content-length: 85
host: localhost:28852
connection: Keep-Alive
user-agent: Apache-HttpClient/4.5.12 (Java/11.0.13)
accept-encoding: gzip,deflate


Security filter chain: [
  WebAsyncManagerIntegrationFilter
  SecurityContextPersistenceFilter
  HeaderWriterFilter
  LogoutFilter
  BasicAuthenticationFilter
  RequestCacheAwareFilter
  SecurityContextHolderAwareRequestFilter
  AnonymousAuthenticationFilter
  SessionManagementFilter
  ExceptionTranslationFilter
  FilterSecurityInterceptor
]


************************************************************


?[1;31m
Start test 15?[0m
2022-03-22 00:27:24.818  INFO 13200 --- [io-28852-exec-7] Spring Security Debugger                 : 

************************************************************

Request received for POST '/api/auth/signup':

org.apache.catalina.connector.RequestFacade@6201dbb8

servletPath:/api/auth/signup
pathInfo:null
headers: 
content-type: application/json
content-length: 85
host: localhost:28852
connection: Keep-Alive
user-agent: Apache-HttpClient/4.5.12 (Java/11.0.13)
accept-encoding: gzip,deflate


Security filter chain: [
  WebAsyncManagerIntegrationFilter
  SecurityContextPersistenceFilter
  HeaderWriterFilter
  LogoutFilter
  BasicAuthenticationFilter
  RequestCacheAwareFilter
  SecurityContextHolderAwareRequestFilter
  AnonymousAuthenticationFilter
  SessionManagementFilter
  ExceptionTranslationFilter
  FilterSecurityInterceptor
]


************************************************************


Hibernate: 
    select
        user0_.id as id1_0_,
        user0_.email as email2_0_,
        user0_.lastname as lastname3_0_,
        user0_.name as name4_0_,
        user0_.password as password5_0_ 
    from
        users user0_ 
    where
        upper(user0_.email)=upper(?)
2022-03-22 00:27:24.825  INFO 13200 --- [io-28852-exec-7] Spring Security Debugger                 : 

************************************************************

Request received for POST '/error':

org.apache.catalina.core.ApplicationHttpRequest@1d98c442

servletPath:/error
pathInfo:null
headers: 
content-type: application/json
content-length: 85
host: localhost:28852
connection: Keep-Alive
user-agent: Apache-HttpClient/4.5.12 (Java/11.0.13)
accept-encoding: gzip,deflate


Security filter chain: [
  WebAsyncManagerIntegrationFilter
  SecurityContextPersistenceFilter
  HeaderWriterFilter
  LogoutFilter
  BasicAuthenticationFilter
  RequestCacheAwareFilter
  SecurityContextHolderAwareRequestFilter
  AnonymousAuthenticationFilter
  SessionManagementFilter
  ExceptionTranslationFilter
  FilterSecurityInterceptor
]


************************************************************


?[1;31m
Start test 16?[0m
2022-03-22 00:27:24.834  INFO 13200 --- [io-28852-exec-8] Spring Security Debugger                 : 

************************************************************

Request received for POST '/api/auth/signup':

org.apache.catalina.connector.RequestFacade@7048ab73

servletPath:/api/auth/signup
pathInfo:null
headers: 
content-type: application/json
content-length: 97
host: localhost:28852
connection: Keep-Alive
user-agent: Apache-HttpClient/4.5.12 (Java/11.0.13)
accept-encoding: gzip,deflate


Security filter chain: [
  WebAsyncManagerIntegrationFilter
  SecurityContextPersistenceFilter
  HeaderWriterFilter
  LogoutFilter
  BasicAuthenticationFilter
  RequestCacheAwareFilter
  SecurityContextHolderAwareRequestFilter
  AnonymousAuthenticationFilter
  SessionManagementFilter
  ExceptionTranslationFilter
  FilterSecurityInterceptor
]


************************************************************


Hibernate: 
    select
        user0_.id as id1_0_,
        user0_.email as email2_0_,
        user0_.lastname as lastname3_0_,
        user0_.name as name4_0_,
        user0_.password as password5_0_ 
    from
        users user0_ 
    where
        upper(user0_.email)=upper(?)
Hibernate: 
    insert 
    into
        users
        (id, email, lastname, name, password) 
    values
        (null, ?, ?, ?, ?)
2022-03-22 00:27:24.957  INFO 13200 --- [io-28852-exec-9] Spring Security Debugger                 : 

************************************************************

Request received for POST '/api/auth/signup':

org.apache.catalina.connector.RequestFacade@61215272

servletPath:/api/auth/signup
pathInfo:null
headers: 
content-type: application/json
content-length: 97
host: localhost:28852
connection: Keep-Alive
user-agent: Apache-HttpClient/4.5.12 (Java/11.0.13)
accept-encoding: gzip,deflate


Security filter chain: [
  WebAsyncManagerIntegrationFilter
  SecurityContextPersistenceFilter
  HeaderWriterFilter
  LogoutFilter
  BasicAuthenticationFilter
  RequestCacheAwareFilter
  SecurityContextHolderAwareRequestFilter
  AnonymousAuthenticationFilter
  SessionManagementFilter
  ExceptionTranslationFilter
  FilterSecurityInterceptor
]


************************************************************


Hibernate: 
    select
        user0_.id as id1_0_,
        user0_.email as email2_0_,
        user0_.lastname as lastname3_0_,
        user0_.name as name4_0_,
        user0_.password as password5_0_ 
    from
        users user0_ 
    where
        upper(user0_.email)=upper(?)
2022-03-22 00:27:24.964  INFO 13200 --- [io-28852-exec-9] Spring Security Debugger                 : 

************************************************************

Request received for POST '/error':

org.apache.catalina.core.ApplicationHttpRequest@201fb9ee

servletPath:/error
pathInfo:null
headers: 
content-type: application/json
content-length: 97
host: localhost:28852
connection: Keep-Alive
user-agent: Apache-HttpClient/4.5.12 (Java/11.0.13)
accept-encoding: gzip,deflate


Security filter chain: [
  WebAsyncManagerIntegrationFilter
  SecurityContextPersistenceFilter
  HeaderWriterFilter
  LogoutFilter
  BasicAuthenticationFilter
  RequestCacheAwareFilter
  SecurityContextHolderAwareRequestFilter
  AnonymousAuthenticationFilter
  SessionManagementFilter
  ExceptionTranslationFilter
  FilterSecurityInterceptor
]


************************************************************


?[1;31m
Start test 17?[0m
2022-03-22 00:27:24.984  INFO 13200 --- [o-28852-exec-10] Spring Security Debugger                 : 

************************************************************

Request received for POST '/api/auth/signup':

org.apache.catalina.connector.RequestFacade@7097e133

servletPath:/api/auth/signup
pathInfo:null
headers: 
content-type: application/json
content-length: 97
host: localhost:28852
connection: Keep-Alive
user-agent: Apache-HttpClient/4.5.12 (Java/11.0.13)
accept-encoding: gzip,deflate


Security filter chain: [
  WebAsyncManagerIntegrationFilter
  SecurityContextPersistenceFilter
  HeaderWriterFilter
  LogoutFilter
  BasicAuthenticationFilter
  RequestCacheAwareFilter
  SecurityContextHolderAwareRequestFilter
  AnonymousAuthenticationFilter
  SessionManagementFilter
  ExceptionTranslationFilter
  FilterSecurityInterceptor
]


************************************************************


Hibernate: 
    select
        user0_.id as id1_0_,
        user0_.email as email2_0_,
        user0_.lastname as lastname3_0_,
        user0_.name as name4_0_,
        user0_.password as password5_0_ 
    from
        users user0_ 
    where
        upper(user0_.email)=upper(?)
2022-03-22 00:27:25.000  INFO 13200 --- [o-28852-exec-10] Spring Security Debugger                 : 

************************************************************

Request received for POST '/error':

org.apache.catalina.core.ApplicationHttpRequest@2ea06b40

servletPath:/error
pathInfo:null
headers: 
content-type: application/json
content-length: 97
host: localhost:28852
connection: Keep-Alive
user-agent: Apache-HttpClient/4.5.12 (Java/11.0.13)
accept-encoding: gzip,deflate


Security filter chain: [
  WebAsyncManagerIntegrationFilter
  SecurityContextPersistenceFilter
  HeaderWriterFilter
  LogoutFilter
  BasicAuthenticationFilter
  RequestCacheAwareFilter
  SecurityContextHolderAwareRequestFilter
  AnonymousAuthenticationFilter
  SessionManagementFilter
  ExceptionTranslationFilter
  FilterSecurityInterceptor
]


************************************************************


?[1;31m
Start test 18?[0m
2022-03-22 00:27:25.013  INFO 13200 --- [io-28852-exec-1] Spring Security Debugger                 : 

************************************************************

Request received for POST '/api/auth/signup':

org.apache.catalina.connector.RequestFacade@4dd9b98

servletPath:/api/auth/signup
pathInfo:null
headers: 
content-type: application/json
content-length: 97
host: localhost:28852
connection: Keep-Alive
user-agent: Apache-HttpClient/4.5.12 (Java/11.0.13)
accept-encoding: gzip,deflate


Security filter chain: [
  WebAsyncManagerIntegrationFilter
  SecurityContextPersistenceFilter
  HeaderWriterFilter
  LogoutFilter
  BasicAuthenticationFilter
  RequestCacheAwareFilter
  SecurityContextHolderAwareRequestFilter
  AnonymousAuthenticationFilter
  SessionManagementFilter
  ExceptionTranslationFilter
  FilterSecurityInterceptor
]


************************************************************


Hibernate: 
    select
        user0_.id as id1_0_,
        user0_.email as email2_0_,
        user0_.lastname as lastname3_0_,
        user0_.name as name4_0_,
        user0_.password as password5_0_ 
    from
        users user0_ 
    where
        upper(user0_.email)=upper(?)
2022-03-22 00:27:25.023  INFO 13200 --- [io-28852-exec-1] Spring Security Debugger                 : 

************************************************************

Request received for POST '/error':

org.apache.catalina.core.ApplicationHttpRequest@768fe682

servletPath:/error
pathInfo:null
headers: 
content-type: application/json
content-length: 97
host: localhost:28852
connection: Keep-Alive
user-agent: Apache-HttpClient/4.5.12 (Java/11.0.13)
accept-encoding: gzip,deflate


Security filter chain: [
  WebAsyncManagerIntegrationFilter
  SecurityContextPersistenceFilter
  HeaderWriterFilter
  LogoutFilter
  BasicAuthenticationFilter
  RequestCacheAwareFilter
  SecurityContextHolderAwareRequestFilter
  AnonymousAuthenticationFilter
  SessionManagementFilter
  ExceptionTranslationFilter
  FilterSecurityInterceptor
]


************************************************************


?[1;31m
Start test 19?[0m
2022-03-22 00:27:25.045  INFO 13200 --- [io-28852-exec-2] Spring Security Debugger                 : 

************************************************************

Request received for GET '/api/empl/payment':

org.apache.catalina.connector.RequestFacade@3f77a664

servletPath:/api/empl/payment
pathInfo:null
headers: 
authorization: Basic am9obmRvZUBhY21lLmNvbTpvTW9hM1Z2cW5MeFc=
host: localhost:28852
connection: Keep-Alive
user-agent: Apache-HttpClient/4.5.12 (Java/11.0.13)
accept-encoding: gzip,deflate


Security filter chain: [
  WebAsyncManagerIntegrationFilter
  SecurityContextPersistenceFilter
  HeaderWriterFilter
  LogoutFilter
  BasicAuthenticationFilter
  RequestCacheAwareFilter
  SecurityContextHolderAwareRequestFilter
  AnonymousAuthenticationFilter
  SessionManagementFilter
  ExceptionTranslationFilter
  FilterSecurityInterceptor
]


************************************************************


Hibernate: 
    select
        user0_.id as id1_0_,
        user0_.email as email2_0_,
        user0_.lastname as lastname3_0_,
        user0_.name as name4_0_,
        user0_.password as password5_0_ 
    from
        users user0_ 
    where
        upper(user0_.email)=upper(?)
Hibernate: 
    select
        user0_.id as id1_0_,
        user0_.email as email2_0_,
        user0_.lastname as lastname3_0_,
        user0_.name as name4_0_,
        user0_.password as password5_0_ 
    from
        users user0_ 
    where
        upper(user0_.email)=upper(?)
?[1;31m
Start test 20?[0m
2022-03-22 00:27:25.286  INFO 13200 --- [io-28852-exec-3] Spring Security Debugger                 : 

************************************************************

Request received for GET '/api/empl/payment':

org.apache.catalina.connector.RequestFacade@93f2cea

servletPath:/api/empl/payment
pathInfo:null
headers: 
authorization: Basic am9obmRvZUBhY21lLmNvbTpvTW9hM1Z2cW5MeFc=
host: localhost:28852
connection: Keep-Alive
user-agent: Apache-HttpClient/4.5.12 (Java/11.0.13)
accept-encoding: gzip,deflate


Security filter chain: [
  WebAsyncManagerIntegrationFilter
  SecurityContextPersistenceFilter
  HeaderWriterFilter
  LogoutFilter
  BasicAuthenticationFilter
  RequestCacheAwareFilter
  SecurityContextHolderAwareRequestFilter
  AnonymousAuthenticationFilter
  SessionManagementFilter
  ExceptionTranslationFilter
  FilterSecurityInterceptor
]


************************************************************


Hibernate: 
    select
        user0_.id as id1_0_,
        user0_.email as email2_0_,
        user0_.lastname as lastname3_0_,
        user0_.name as name4_0_,
        user0_.password as password5_0_ 
    from
        users user0_ 
    where
        upper(user0_.email)=upper(?)
Hibernate: 
    select
        user0_.id as id1_0_,
        user0_.email as email2_0_,
        user0_.lastname as lastname3_0_,
        user0_.name as name4_0_,
        user0_.password as password5_0_ 
    from
        users user0_ 
    where
        upper(user0_.email)=upper(?)
?[1;31m
Start test 21?[0m
2022-03-22 00:27:25.380  INFO 13200 --- [io-28852-exec-4] Spring Security Debugger                 : 

************************************************************

Request received for GET '/api/empl/payment':

org.apache.catalina.connector.RequestFacade@15e1c1a6

servletPath:/api/empl/payment
pathInfo:null
headers: 
authorization: Basic bWF4bXVzdGVybWFubkBhY21lLmNvbTphaTB5OWJNdnlGNkc=
host: localhost:28852
connection: Keep-Alive
user-agent: Apache-HttpClient/4.5.12 (Java/11.0.13)
accept-encoding: gzip,deflate


Security filter chain: [
  WebAsyncManagerIntegrationFilter
  SecurityContextPersistenceFilter
  HeaderWriterFilter
  LogoutFilter
  BasicAuthenticationFilter
  RequestCacheAwareFilter
  SecurityContextHolderAwareRequestFilter
  AnonymousAuthenticationFilter
  SessionManagementFilter
  ExceptionTranslationFilter
  FilterSecurityInterceptor
]


************************************************************


Hibernate: 
    select
        user0_.id as id1_0_,
        user0_.email as email2_0_,
        user0_.lastname as lastname3_0_,
        user0_.name as name4_0_,
        user0_.password as password5_0_ 
    from
        users user0_ 
    where
        upper(user0_.email)=upper(?)
Hibernate: 
    select
        user0_.id as id1_0_,
        user0_.email as email2_0_,
        user0_.lastname as lastname3_0_,
        user0_.name as name4_0_,
        user0_.password as password5_0_ 
    from
        users user0_ 
    where
        upper(user0_.email)=upper(?)
?[1;31m
Start test 22?[0m
2022-03-22 00:27:25.472  INFO 13200 --- [io-28852-exec-5] Spring Security Debugger                 : 

************************************************************

Request received for GET '/api/empl/payment':

org.apache.catalina.connector.RequestFacade@5d354b6e

servletPath:/api/empl/payment
pathInfo:null
headers: 
authorization: Basic bWF4bXVzdGVybWFubkBhY21lLmNvbTphaTB5OWJNdnlGNkc=
host: localhost:28852
connection: Keep-Alive
user-agent: Apache-HttpClient/4.5.12 (Java/11.0.13)
accept-encoding: gzip,deflate


Security filter chain: [
  WebAsyncManagerIntegrationFilter
  SecurityContextPersistenceFilter
  HeaderWriterFilter
  LogoutFilter
  BasicAuthenticationFilter
  RequestCacheAwareFilter
  SecurityContextHolderAwareRequestFilter
  AnonymousAuthenticationFilter
  SessionManagementFilter
  ExceptionTranslationFilter
  FilterSecurityInterceptor
]


************************************************************


Hibernate: 
    select
        user0_.id as id1_0_,
        user0_.email as email2_0_,
        user0_.lastname as lastname3_0_,
        user0_.name as name4_0_,
        user0_.password as password5_0_ 
    from
        users user0_ 
    where
        upper(user0_.email)=upper(?)
Hibernate: 
    select
        user0_.id as id1_0_,
        user0_.email as email2_0_,
        user0_.lastname as lastname3_0_,
        user0_.name as name4_0_,
        user0_.password as password5_0_ 
    from
        users user0_ 
    where
        upper(user0_.email)=upper(?)
?[1;31m
Start test 23?[0m
2022-03-22 00:27:25.574  INFO 13200 --- [io-28852-exec-6] Spring Security Debugger                 : 

************************************************************

Request received for GET '/api/empl/payment':

org.apache.catalina.connector.RequestFacade@2f83658c

servletPath:/api/empl/payment
pathInfo:null
headers: 
authorization: Basic am9obmRvZUBhY21lLmNvbTpub25l
host: localhost:28852
connection: Keep-Alive
user-agent: Apache-HttpClient/4.5.12 (Java/11.0.13)
accept-encoding: gzip,deflate


Security filter chain: [
  WebAsyncManagerIntegrationFilter
  SecurityContextPersistenceFilter
  HeaderWriterFilter
  LogoutFilter
  BasicAuthenticationFilter
  RequestCacheAwareFilter
  SecurityContextHolderAwareRequestFilter
  AnonymousAuthenticationFilter
  SessionManagementFilter
  ExceptionTranslationFilter
  FilterSecurityInterceptor
]


************************************************************


Hibernate: 
    select
        user0_.id as id1_0_,
        user0_.email as email2_0_,
        user0_.lastname as lastname3_0_,
        user0_.name as name4_0_,
        user0_.password as password5_0_ 
    from
        users user0_ 
    where
        upper(user0_.email)=upper(?)
2022-03-22 00:27:25.823  INFO 13200 --- [io-28852-exec-6] Spring Security Debugger                 : 

************************************************************

Request received for GET '/error':

org.apache.catalina.core.ApplicationHttpRequest@25285ae9

servletPath:/error
pathInfo:null
headers: 
authorization: Basic am9obmRvZUBhY21lLmNvbTpub25l
host: localhost:28852
connection: Keep-Alive
user-agent: Apache-HttpClient/4.5.12 (Java/11.0.13)
accept-encoding: gzip,deflate


Security filter chain: [
  WebAsyncManagerIntegrationFilter
  SecurityContextPersistenceFilter
  HeaderWriterFilter
  LogoutFilter
  BasicAuthenticationFilter
  RequestCacheAwareFilter
  SecurityContextHolderAwareRequestFilter
  AnonymousAuthenticationFilter
  SessionManagementFilter
  ExceptionTranslationFilter
  FilterSecurityInterceptor
]


************************************************************


?[1;31m
Start test 24?[0m
2022-03-22 00:27:25.831  INFO 13200 --- [io-28852-exec-7] Spring Security Debugger                 : 

************************************************************

Request received for GET '/api/empl/payment':

org.apache.catalina.connector.RequestFacade@6eb903ee

servletPath:/api/empl/payment
pathInfo:null
headers: 
authorization: Basic am9obmRvZWFjbWUuY29tOm9Nb2EzVnZxbkx4Vw==
host: localhost:28852
connection: Keep-Alive
user-agent: Apache-HttpClient/4.5.12 (Java/11.0.13)
accept-encoding: gzip,deflate


Security filter chain: [
  WebAsyncManagerIntegrationFilter
  SecurityContextPersistenceFilter
  HeaderWriterFilter
  LogoutFilter
  BasicAuthenticationFilter
  RequestCacheAwareFilter
  SecurityContextHolderAwareRequestFilter
  AnonymousAuthenticationFilter
  SessionManagementFilter
  ExceptionTranslationFilter
  FilterSecurityInterceptor
]


************************************************************


Hibernate: 
    select
        user0_.id as id1_0_,
        user0_.email as email2_0_,
        user0_.lastname as lastname3_0_,
        user0_.name as name4_0_,
        user0_.password as password5_0_ 
    from
        users user0_ 
    where
        upper(user0_.email)=upper(?)
2022-03-22 00:27:25.996  INFO 13200 --- [io-28852-exec-7] Spring Security Debugger                 : 

************************************************************

Request received for GET '/error':

org.apache.catalina.core.ApplicationHttpRequest@71b95ccf

servletPath:/error
pathInfo:null
headers: 
authorization: Basic am9obmRvZWFjbWUuY29tOm9Nb2EzVnZxbkx4Vw==
host: localhost:28852
connection: Keep-Alive
user-agent: Apache-HttpClient/4.5.12 (Java/11.0.13)
accept-encoding: gzip,deflate


Security filter chain: [
  WebAsyncManagerIntegrationFilter
  SecurityContextPersistenceFilter
  HeaderWriterFilter
  LogoutFilter
  BasicAuthenticationFilter
  RequestCacheAwareFilter
  SecurityContextHolderAwareRequestFilter
  AnonymousAuthenticationFilter
  SessionManagementFilter
  ExceptionTranslationFilter
  FilterSecurityInterceptor
]


************************************************************


?[1;31m
Start test 25?[0m
2022-03-22 00:27:26.004  INFO 13200 --- [io-28852-exec-8] Spring Security Debugger                 : 

************************************************************

Request received for GET '/api/empl/payment':

org.apache.catalina.connector.RequestFacade@7c3a1ad8

servletPath:/api/empl/payment
pathInfo:null
headers: 
authorization: Basic bWF4bXVzdGVybWFubkBhY21lLmNvbTpub25l
host: localhost:28852
connection: Keep-Alive
user-agent: Apache-HttpClient/4.5.12 (Java/11.0.13)
accept-encoding: gzip,deflate


Security filter chain: [
  WebAsyncManagerIntegrationFilter
  SecurityContextPersistenceFilter
  HeaderWriterFilter
  LogoutFilter
  BasicAuthenticationFilter
  RequestCacheAwareFilter
  SecurityContextHolderAwareRequestFilter
  AnonymousAuthenticationFilter
  SessionManagementFilter
  ExceptionTranslationFilter
  FilterSecurityInterceptor
]


************************************************************


Hibernate: 
    select
        user0_.id as id1_0_,
        user0_.email as email2_0_,
        user0_.lastname as lastname3_0_,
        user0_.name as name4_0_,
        user0_.password as password5_0_ 
    from
        users user0_ 
    where
        upper(user0_.email)=upper(?)
2022-03-22 00:27:26.163  INFO 13200 --- [io-28852-exec-8] Spring Security Debugger                 : 

************************************************************

Request received for GET '/error':

org.apache.catalina.core.ApplicationHttpRequest@f77c60b

servletPath:/error
pathInfo:null
headers: 
authorization: Basic bWF4bXVzdGVybWFubkBhY21lLmNvbTpub25l
host: localhost:28852
connection: Keep-Alive
user-agent: Apache-HttpClient/4.5.12 (Java/11.0.13)
accept-encoding: gzip,deflate


Security filter chain: [
  WebAsyncManagerIntegrationFilter
  SecurityContextPersistenceFilter
  HeaderWriterFilter
  LogoutFilter
  BasicAuthenticationFilter
  RequestCacheAwareFilter
  SecurityContextHolderAwareRequestFilter
  AnonymousAuthenticationFilter
  SessionManagementFilter
  ExceptionTranslationFilter
  FilterSecurityInterceptor
]


************************************************************


?[1;31m
Start test 26?[0m
2022-03-22 00:27:26.170  INFO 13200 --- [io-28852-exec-9] Spring Security Debugger                 : 

************************************************************

Request received for GET '/api/empl/payment':

org.apache.catalina.connector.RequestFacade@1b180545

servletPath:/api/empl/payment
pathInfo:null
headers: 
authorization: Basic bmF1dGlsdXNAcG9tcGlsaXVzLmNvbTp3aW5ncw==
host: localhost:28852
connection: Keep-Alive
user-agent: Apache-HttpClient/4.5.12 (Java/11.0.13)
accept-encoding: gzip,deflate


Security filter chain: [
  WebAsyncManagerIntegrationFilter
  SecurityContextPersistenceFilter
  HeaderWriterFilter
  LogoutFilter
  BasicAuthenticationFilter
  RequestCacheAwareFilter
  SecurityContextHolderAwareRequestFilter
  AnonymousAuthenticationFilter
  SessionManagementFilter
  ExceptionTranslationFilter
  FilterSecurityInterceptor
]


************************************************************


Hibernate: 
    select
        user0_.id as id1_0_,
        user0_.email as email2_0_,
        user0_.lastname as lastname3_0_,
        user0_.name as name4_0_,
        user0_.password as password5_0_ 
    from
        users user0_ 
    where
        upper(user0_.email)=upper(?)
2022-03-22 00:27:26.331  INFO 13200 --- [io-28852-exec-9] Spring Security Debugger                 : 

************************************************************

Request received for GET '/error':

org.apache.catalina.core.ApplicationHttpRequest@38797895

servletPath:/error
pathInfo:null
headers: 
authorization: Basic bmF1dGlsdXNAcG9tcGlsaXVzLmNvbTp3aW5ncw==
host: localhost:28852
connection: Keep-Alive
user-agent: Apache-HttpClient/4.5.12 (Java/11.0.13)
accept-encoding: gzip,deflate


Security filter chain: [
  WebAsyncManagerIntegrationFilter
  SecurityContextPersistenceFilter
  HeaderWriterFilter
  LogoutFilter
  BasicAuthenticationFilter
  RequestCacheAwareFilter
  SecurityContextHolderAwareRequestFilter
  AnonymousAuthenticationFilter
  SessionManagementFilter
  ExceptionTranslationFilter
  FilterSecurityInterceptor
]


************************************************************


?[1;31m
Start test 27?[0m
2022-03-22 00:27:26.337  INFO 13200 --- [o-28852-exec-10] Spring Security Debugger                 : 

************************************************************

Request received for GET '/api/empl/payment':

org.apache.catalina.connector.RequestFacade@73fb1c59

servletPath:/api/empl/payment
pathInfo:null
headers: 
host: localhost:28852
connection: Keep-Alive
user-agent: Apache-HttpClient/4.5.12 (Java/11.0.13)
accept-encoding: gzip,deflate


Security filter chain: [
  WebAsyncManagerIntegrationFilter
  SecurityContextPersistenceFilter
  HeaderWriterFilter
  LogoutFilter
  BasicAuthenticationFilter
  RequestCacheAwareFilter
  SecurityContextHolderAwareRequestFilter
  AnonymousAuthenticationFilter
  SessionManagementFilter
  ExceptionTranslationFilter
  FilterSecurityInterceptor
]


************************************************************


2022-03-22 00:27:26.343  INFO 13200 --- [o-28852-exec-10] Spring Security Debugger                 : 

************************************************************

Request received for GET '/error':

org.apache.catalina.core.ApplicationHttpRequest@49b6b591

servletPath:/error
pathInfo:null
headers: 
host: localhost:28852
connection: Keep-Alive
user-agent: Apache-HttpClient/4.5.12 (Java/11.0.13)
accept-encoding: gzip,deflate


Security filter chain: [
  WebAsyncManagerIntegrationFilter
  SecurityContextPersistenceFilter
  HeaderWriterFilter
  LogoutFilter
  BasicAuthenticationFilter
  RequestCacheAwareFilter
  SecurityContextHolderAwareRequestFilter
  AnonymousAuthenticationFilter
  SessionManagementFilter
  ExceptionTranslationFilter
  FilterSecurityInterceptor
]


************************************************************


?[1;31m
Start test 28?[0m
2022-03-22 00:27:26.349  INFO 13200 --- [io-28852-exec-1] Spring Security Debugger                 : 

************************************************************

Request received for POST '/api/auth/changepass':

org.apache.catalina.connector.RequestFacade@7a3f68fd

servletPath:/api/auth/changepass
pathInfo:null
headers: 
content-type: application/json
content-length: 31
host: localhost:28852
connection: Keep-Alive
user-agent: Apache-HttpClient/4.5.12 (Java/11.0.13)
accept-encoding: gzip,deflate


Security filter chain: [
  WebAsyncManagerIntegrationFilter
  SecurityContextPersistenceFilter
  HeaderWriterFilter
  LogoutFilter
  BasicAuthenticationFilter
  RequestCacheAwareFilter
  SecurityContextHolderAwareRequestFilter
  AnonymousAuthenticationFilter
  SessionManagementFilter
  ExceptionTranslationFilter
  FilterSecurityInterceptor
]


************************************************************


2022-03-22 00:27:26.356  INFO 13200 --- [io-28852-exec-1] Spring Security Debugger                 : 

************************************************************

Request received for POST '/error':

org.apache.catalina.core.ApplicationHttpRequest@73d8cdd1

servletPath:/error
pathInfo:null
headers: 
content-type: application/json
content-length: 31
host: localhost:28852
connection: Keep-Alive
user-agent: Apache-HttpClient/4.5.12 (Java/11.0.13)
accept-encoding: gzip,deflate


Security filter chain: [
  WebAsyncManagerIntegrationFilter
  SecurityContextPersistenceFilter
  HeaderWriterFilter
  LogoutFilter
  BasicAuthenticationFilter
  RequestCacheAwareFilter
  SecurityContextHolderAwareRequestFilter
  AnonymousAuthenticationFilter
  SessionManagementFilter
  ExceptionTranslationFilter
  FilterSecurityInterceptor
]


************************************************************


?[1;31m
Start test 29?[0m
2022-03-22 00:27:26.363  INFO 13200 --- [io-28852-exec-2] Spring Security Debugger                 : 

************************************************************

Request received for POST '/api/auth/changepass':

org.apache.catalina.connector.RequestFacade@26dd3cf5

servletPath:/api/auth/changepass
pathInfo:null
headers: 
content-type: application/json
authorization: Basic am9obmRvZUBhY21lLmNvbTpvTW9hM1Z2cW5MeFc=
content-length: 20
host: localhost:28852
connection: Keep-Alive
user-agent: Apache-HttpClient/4.5.12 (Java/11.0.13)
accept-encoding: gzip,deflate


Security filter chain: [
  WebAsyncManagerIntegrationFilter
  SecurityContextPersistenceFilter
  HeaderWriterFilter
  LogoutFilter
  BasicAuthenticationFilter
  RequestCacheAwareFilter
  SecurityContextHolderAwareRequestFilter
  AnonymousAuthenticationFilter
  SessionManagementFilter
  ExceptionTranslationFilter
  FilterSecurityInterceptor
]


************************************************************


Hibernate: 
    select
        user0_.id as id1_0_,
        user0_.email as email2_0_,
        user0_.lastname as lastname3_0_,
        user0_.name as name4_0_,
        user0_.password as password5_0_ 
    from
        users user0_ 
    where
        upper(user0_.email)=upper(?)
?[1;31m
Start test 30?[0m
2022-03-22 00:27:26.465  INFO 13200 --- [io-28852-exec-3] Spring Security Debugger                 : 

************************************************************

Request received for POST '/api/auth/changepass':

org.apache.catalina.connector.RequestFacade@6b84456f

servletPath:/api/auth/changepass
pathInfo:null
headers: 
content-type: application/json
authorization: Basic am9obmRvZUBhY21lLmNvbTpvTW9hM1Z2cW5MeFc=
content-length: 31
host: localhost:28852
connection: Keep-Alive
user-agent: Apache-HttpClient/4.5.12 (Java/11.0.13)
accept-encoding: gzip,deflate


Security filter chain: [
  WebAsyncManagerIntegrationFilter
  SecurityContextPersistenceFilter
  HeaderWriterFilter
  LogoutFilter
  BasicAuthenticationFilter
  RequestCacheAwareFilter
  SecurityContextHolderAwareRequestFilter
  AnonymousAuthenticationFilter
  SessionManagementFilter
  ExceptionTranslationFilter
  FilterSecurityInterceptor
]


************************************************************


Hibernate: 
    select
        user0_.id as id1_0_,
        user0_.email as email2_0_,
        user0_.lastname as lastname3_0_,
        user0_.name as name4_0_,
        user0_.password as password5_0_ 
    from
        users user0_ 
    where
        upper(user0_.email)=upper(?)
Hibernate: 
    select
        user0_.id as id1_0_,
        user0_.email as email2_0_,
        user0_.lastname as lastname3_0_,
        user0_.name as name4_0_,
        user0_.password as password5_0_ 
    from
        users user0_ 
    where
        upper(user0_.email)=upper(?)
$2a$10$IhwlO/MmxU.HVGtxk62z0u4D2Yc.er3N5N9EWqEDn6yFMjxmYivZ2 ********************** oMoa3VvqnLxW
2022-03-22 00:27:26.639  INFO 13200 --- [io-28852-exec-3] Spring Security Debugger                 : 

************************************************************

Request received for POST '/error':

org.apache.catalina.core.ApplicationHttpRequest@7c1c2369

servletPath:/error
pathInfo:null
headers: 
content-type: application/json
authorization: Basic am9obmRvZUBhY21lLmNvbTpvTW9hM1Z2cW5MeFc=
content-length: 31
host: localhost:28852
connection: Keep-Alive
user-agent: Apache-HttpClient/4.5.12 (Java/11.0.13)
accept-encoding: gzip,deflate


Security filter chain: [
  WebAsyncManagerIntegrationFilter
  SecurityContextPersistenceFilter
  HeaderWriterFilter
  LogoutFilter
  BasicAuthenticationFilter
  RequestCacheAwareFilter
  SecurityContextHolderAwareRequestFilter
  AnonymousAuthenticationFilter
  SessionManagementFilter
  ExceptionTranslationFilter
  FilterSecurityInterceptor
]


************************************************************


?[1;31m
Start test 31?[0m
2022-03-22 00:27:26.645  INFO 13200 --- [io-28852-exec-4] Spring Security Debugger                 : 

************************************************************

Request received for POST '/api/auth/changepass':

org.apache.catalina.connector.RequestFacade@5d2726e7

servletPath:/api/auth/changepass
pathInfo:null
headers: 
content-type: application/json
authorization: Basic Sm9obkRvZUBhY21lLmNvbTpvTW9hM1Z2cW5MeFc=
content-length: 20
host: localhost:28852
connection: Keep-Alive
user-agent: Apache-HttpClient/4.5.12 (Java/11.0.13)
accept-encoding: gzip,deflate


Security filter chain: [
  WebAsyncManagerIntegrationFilter
  SecurityContextPersistenceFilter
  HeaderWriterFilter
  LogoutFilter
  BasicAuthenticationFilter
  RequestCacheAwareFilter
  SecurityContextHolderAwareRequestFilter
  AnonymousAuthenticationFilter
  SessionManagementFilter
  ExceptionTranslationFilter
  FilterSecurityInterceptor
]


************************************************************


Hibernate: 
    select
        user0_.id as id1_0_,
        user0_.email as email2_0_,
        user0_.lastname as lastname3_0_,
        user0_.name as name4_0_,
        user0_.password as password5_0_ 
    from
        users user0_ 
    where
        upper(user0_.email)=upper(?)
?[1;31m
Start test 32?[0m
2022-03-22 00:27:26.736  INFO 13200 --- [io-28852-exec-5] Spring Security Debugger                 : 

************************************************************

Request received for POST '/api/auth/changepass':

org.apache.catalina.connector.RequestFacade@3db8f6c

servletPath:/api/auth/changepass
pathInfo:null
headers: 
content-type: application/json
authorization: Basic Sm9obkRvZUBhY21lLmNvbTpvTW9hM1Z2cW5MeFc=
content-length: 21
host: localhost:28852
connection: Keep-Alive
user-agent: Apache-HttpClient/4.5.12 (Java/11.0.13)
accept-encoding: gzip,deflate


Security filter chain: [
  WebAsyncManagerIntegrationFilter
  SecurityContextPersistenceFilter
  HeaderWriterFilter
  LogoutFilter
  BasicAuthenticationFilter
  RequestCacheAwareFilter
  SecurityContextHolderAwareRequestFilter
  AnonymousAuthenticationFilter
  SessionManagementFilter
  ExceptionTranslationFilter
  FilterSecurityInterceptor
]


************************************************************


Hibernate: 
    select
        user0_.id as id1_0_,
        user0_.email as email2_0_,
        user0_.lastname as lastname3_0_,
        user0_.name as name4_0_,
        user0_.password as password5_0_ 
    from
        users user0_ 
    where
        upper(user0_.email)=upper(?)
?[1;31m
Start test 33?[0m
2022-03-22 00:27:26.825  INFO 13200 --- [io-28852-exec-6] Spring Security Debugger                 : 

************************************************************

Request received for POST '/api/auth/changepass':

org.apache.catalina.connector.RequestFacade@27b88a63

servletPath:/api/auth/changepass
pathInfo:null
headers: 
content-type: application/json
authorization: Basic Sm9obkRvZUBhY21lLmNvbTpvTW9hM1Z2cW5MeFc=
content-length: 22
host: localhost:28852
connection: Keep-Alive
user-agent: Apache-HttpClient/4.5.12 (Java/11.0.13)
accept-encoding: gzip,deflate


Security filter chain: [
  WebAsyncManagerIntegrationFilter
  SecurityContextPersistenceFilter
  HeaderWriterFilter
  LogoutFilter
  BasicAuthenticationFilter
  RequestCacheAwareFilter
  SecurityContextHolderAwareRequestFilter
  AnonymousAuthenticationFilter
  SessionManagementFilter
  ExceptionTranslationFilter
  FilterSecurityInterceptor
]


************************************************************


Hibernate: 
    select
        user0_.id as id1_0_,
        user0_.email as email2_0_,
        user0_.lastname as lastname3_0_,
        user0_.name as name4_0_,
        user0_.password as password5_0_ 
    from
        users user0_ 
    where
        upper(user0_.email)=upper(?)
?[1;31m
Start test 34?[0m
2022-03-22 00:27:26.917  INFO 13200 --- [io-28852-exec-7] Spring Security Debugger                 : 

************************************************************

Request received for POST '/api/auth/changepass':

org.apache.catalina.connector.RequestFacade@540c036b

servletPath:/api/auth/changepass
pathInfo:null
headers: 
content-type: application/json
authorization: Basic Sm9obkRvZUBhY21lLmNvbTpvTW9hM1Z2cW5MeFc=
content-length: 23
host: localhost:28852
connection: Keep-Alive
user-agent: Apache-HttpClient/4.5.12 (Java/11.0.13)
accept-encoding: gzip,deflate


Security filter chain: [
  WebAsyncManagerIntegrationFilter
  SecurityContextPersistenceFilter
  HeaderWriterFilter
  LogoutFilter
  BasicAuthenticationFilter
  RequestCacheAwareFilter
  SecurityContextHolderAwareRequestFilter
  AnonymousAuthenticationFilter
  SessionManagementFilter
  ExceptionTranslationFilter
  FilterSecurityInterceptor
]


************************************************************


Hibernate: 
    select
        user0_.id as id1_0_,
        user0_.email as email2_0_,
        user0_.lastname as lastname3_0_,
        user0_.name as name4_0_,
        user0_.password as password5_0_ 
    from
        users user0_ 
    where
        upper(user0_.email)=upper(?)
?[1;31m
Start test 35?[0m
2022-03-22 00:27:27.011  INFO 13200 --- [io-28852-exec-8] Spring Security Debugger                 : 

************************************************************

Request received for POST '/api/auth/changepass':

org.apache.catalina.connector.RequestFacade@35af42a3

servletPath:/api/auth/changepass
pathInfo:null
headers: 
content-type: application/json
authorization: Basic Sm9obkRvZUBhY21lLmNvbTpvTW9hM1Z2cW5MeFc=
content-length: 24
host: localhost:28852
connection: Keep-Alive
user-agent: Apache-HttpClient/4.5.12 (Java/11.0.13)
accept-encoding: gzip,deflate


Security filter chain: [
  WebAsyncManagerIntegrationFilter
  SecurityContextPersistenceFilter
  HeaderWriterFilter
  LogoutFilter
  BasicAuthenticationFilter
  RequestCacheAwareFilter
  SecurityContextHolderAwareRequestFilter
  AnonymousAuthenticationFilter
  SessionManagementFilter
  ExceptionTranslationFilter
  FilterSecurityInterceptor
]


************************************************************


Hibernate: 
    select
        user0_.id as id1_0_,
        user0_.email as email2_0_,
        user0_.lastname as lastname3_0_,
        user0_.name as name4_0_,
        user0_.password as password5_0_ 
    from
        users user0_ 
    where
        upper(user0_.email)=upper(?)
?[1;31m
Start test 36?[0m
2022-03-22 00:27:27.100  INFO 13200 --- [io-28852-exec-9] Spring Security Debugger                 : 

************************************************************

Request received for POST '/api/auth/changepass':

org.apache.catalina.connector.RequestFacade@652d669

servletPath:/api/auth/changepass
pathInfo:null
headers: 
content-type: application/json
authorization: Basic Sm9obkRvZUBhY21lLmNvbTpvTW9hM1Z2cW5MeFc=
content-length: 25
host: localhost:28852
connection: Keep-Alive
user-agent: Apache-HttpClient/4.5.12 (Java/11.0.13)
accept-encoding: gzip,deflate


Security filter chain: [
  WebAsyncManagerIntegrationFilter
  SecurityContextPersistenceFilter
  HeaderWriterFilter
  LogoutFilter
  BasicAuthenticationFilter
  RequestCacheAwareFilter
  SecurityContextHolderAwareRequestFilter
  AnonymousAuthenticationFilter
  SessionManagementFilter
  ExceptionTranslationFilter
  FilterSecurityInterceptor
]


************************************************************


Hibernate: 
    select
        user0_.id as id1_0_,
        user0_.email as email2_0_,
        user0_.lastname as lastname3_0_,
        user0_.name as name4_0_,
        user0_.password as password5_0_ 
    from
        users user0_ 
    where
        upper(user0_.email)=upper(?)
?[1;31m
Start test 37?[0m
2022-03-22 00:27:27.197  INFO 13200 --- [o-28852-exec-10] Spring Security Debugger                 : 

************************************************************

Request received for POST '/api/auth/changepass':

org.apache.catalina.connector.RequestFacade@41673456

servletPath:/api/auth/changepass
pathInfo:null
headers: 
content-type: application/json
authorization: Basic Sm9obkRvZUBhY21lLmNvbTpvTW9hM1Z2cW5MeFc=
content-length: 26
host: localhost:28852
connection: Keep-Alive
user-agent: Apache-HttpClient/4.5.12 (Java/11.0.13)
accept-encoding: gzip,deflate


Security filter chain: [
  WebAsyncManagerIntegrationFilter
  SecurityContextPersistenceFilter
  HeaderWriterFilter
  LogoutFilter
  BasicAuthenticationFilter
  RequestCacheAwareFilter
  SecurityContextHolderAwareRequestFilter
  AnonymousAuthenticationFilter
  SessionManagementFilter
  ExceptionTranslationFilter
  FilterSecurityInterceptor
]


************************************************************


Hibernate: 
    select
        user0_.id as id1_0_,
        user0_.email as email2_0_,
        user0_.lastname as lastname3_0_,
        user0_.name as name4_0_,
        user0_.password as password5_0_ 
    from
        users user0_ 
    where
        upper(user0_.email)=upper(?)
?[1;31m
Start test 38?[0m
2022-03-22 00:27:27.286  INFO 13200 --- [io-28852-exec-1] Spring Security Debugger                 : 

************************************************************

Request received for POST '/api/auth/changepass':

org.apache.catalina.connector.RequestFacade@374f0092

servletPath:/api/auth/changepass
pathInfo:null
headers: 
content-type: application/json
authorization: Basic Sm9obkRvZUBhY21lLmNvbTpvTW9hM1Z2cW5MeFc=
content-length: 27
host: localhost:28852
connection: Keep-Alive
user-agent: Apache-HttpClient/4.5.12 (Java/11.0.13)
accept-encoding: gzip,deflate


Security filter chain: [
  WebAsyncManagerIntegrationFilter
  SecurityContextPersistenceFilter
  HeaderWriterFilter
  LogoutFilter
  BasicAuthenticationFilter
  RequestCacheAwareFilter
  SecurityContextHolderAwareRequestFilter
  AnonymousAuthenticationFilter
  SessionManagementFilter
  ExceptionTranslationFilter
  FilterSecurityInterceptor
]


************************************************************


Hibernate: 
    select
        user0_.id as id1_0_,
        user0_.email as email2_0_,
        user0_.lastname as lastname3_0_,
        user0_.name as name4_0_,
        user0_.password as password5_0_ 
    from
        users user0_ 
    where
        upper(user0_.email)=upper(?)
?[1;31m
Start test 39?[0m
2022-03-22 00:27:27.374  INFO 13200 --- [io-28852-exec-2] Spring Security Debugger                 : 

************************************************************

Request received for POST '/api/auth/changepass':

org.apache.catalina.connector.RequestFacade@c06114

servletPath:/api/auth/changepass
pathInfo:null
headers: 
content-type: application/json
authorization: Basic Sm9obkRvZUBhY21lLmNvbTpvTW9hM1Z2cW5MeFc=
content-length: 28
host: localhost:28852
connection: Keep-Alive
user-agent: Apache-HttpClient/4.5.12 (Java/11.0.13)
accept-encoding: gzip,deflate


Security filter chain: [
  WebAsyncManagerIntegrationFilter
  SecurityContextPersistenceFilter
  HeaderWriterFilter
  LogoutFilter
  BasicAuthenticationFilter
  RequestCacheAwareFilter
  SecurityContextHolderAwareRequestFilter
  AnonymousAuthenticationFilter
  SessionManagementFilter
  ExceptionTranslationFilter
  FilterSecurityInterceptor
]


************************************************************


Hibernate: 
    select
        user0_.id as id1_0_,
        user0_.email as email2_0_,
        user0_.lastname as lastname3_0_,
        user0_.name as name4_0_,
        user0_.password as password5_0_ 
    from
        users user0_ 
    where
        upper(user0_.email)=upper(?)
?[1;31m
Start test 40?[0m
2022-03-22 00:27:27.461  INFO 13200 --- [io-28852-exec-3] Spring Security Debugger                 : 

************************************************************

Request received for POST '/api/auth/changepass':

org.apache.catalina.connector.RequestFacade@3451ee2d

servletPath:/api/auth/changepass
pathInfo:null
headers: 
content-type: application/json
authorization: Basic Sm9obkRvZUBhY21lLmNvbTpvTW9hM1Z2cW5MeFc=
content-length: 29
host: localhost:28852
connection: Keep-Alive
user-agent: Apache-HttpClient/4.5.12 (Java/11.0.13)
accept-encoding: gzip,deflate


Security filter chain: [
  WebAsyncManagerIntegrationFilter
  SecurityContextPersistenceFilter
  HeaderWriterFilter
  LogoutFilter
  BasicAuthenticationFilter
  RequestCacheAwareFilter
  SecurityContextHolderAwareRequestFilter
  AnonymousAuthenticationFilter
  SessionManagementFilter
  ExceptionTranslationFilter
  FilterSecurityInterceptor
]


************************************************************


Hibernate: 
    select
        user0_.id as id1_0_,
        user0_.email as email2_0_,
        user0_.lastname as lastname3_0_,
[...]
2022-03-22 00:27:29.930  INFO 13200 --- [    Test worker] account.AccountServiceApplication        : No active profile set, falling back to default profiles: default
2022-03-22 00:27:30.411  INFO 13200 --- [    Test worker] .s.d.r.c.RepositoryConfigurationDelegate : Bootstrapping Spring Data JPA repositories in DEFERRED mode.
2022-03-22 00:27:30.429  INFO 13200 --- [    Test worker] .s.d.r.c.RepositoryConfigurationDelegate : Finished Spring Data repository scanning in 17ms. Found 1 JPA repository interfaces.
2022-03-22 00:27:30.506  INFO 13200 --- [    Test worker] trationDelegate$BeanPostProcessorChecker : Bean 'org.springframework.security.access.expression.method.DefaultMethodSecurityExpressionHandler@73d2a1c7' of type [org.springframework.security.access.expression.method.DefaultMethodSecurityExpressionHandler] is not eligible for getting processed by all BeanPostProcessors (for example: not eligible for auto-proxying)
2022-03-22 00:27:30.508  INFO 13200 --- [    Test worker] trationDelegate$BeanPostProcessorChecker : Bean 'methodSecurityMetadataSource' of type [org.springframework.security.access.method.DelegatingMethodSecurityMetadataSource] is not eligible for getting processed by all BeanPostProcessors (for example: not eligible for auto-proxying)
2022-03-22 00:27:30.570  INFO 13200 --- [    Test worker] o.s.b.w.embedded.tomcat.TomcatWebServer  : Tomcat initialized with port(s): 28852 (http)
2022-03-22 00:27:30.571  INFO 13200 --- [    Test worker] o.apache.catalina.core.StandardService   : Starting service [Tomcat]
2022-03-22 00:27:30.573  INFO 13200 --- [    Test worker] org.apache.catalina.core.StandardEngine  : Starting Servlet engine: [Apache Tomcat/9.0.36]
2022-03-22 00:27:30.617  INFO 13200 --- [    Test worker] o.a.c.c.C.[Tomcat].[localhost].[/]       : Initializing Spring embedded WebApplicationContext
2022-03-22 00:27:30.617  INFO 13200 --- [    Test worker] w.s.c.ServletWebServerApplicationContext : Root WebApplicationContext: initialization completed in 684 ms
2022-03-22 00:27:30.676  INFO 13200 --- [    Test worker] com.zaxxer.hikari.HikariDataSource       : HikariPool-2 - Starting...
2022-03-22 00:27:30.688  INFO 13200 --- [    Test worker] com.zaxxer.hikari.HikariDataSource       : HikariPool-2 - Start completed.
2022-03-22 00:27:30.688  INFO 13200 --- [    Test worker] o.s.b.a.h2.H2ConsoleAutoConfiguration    : H2 console available at '/h2'. Database available at 'jdbc:h2:file:../service_db'
2022-03-22 00:27:30.748  INFO 13200 --- [    Test worker] o.s.s.concurrent.ThreadPoolTaskExecutor  : Initializing ExecutorService 'applicationTaskExecutor'
2022-03-22 00:27:30.756  INFO 13200 --- [         task-1] o.hibernate.jpa.internal.util.LogHelper  : HHH000204: Processing PersistenceUnitInfo [name: default]
2022-03-22 00:27:30.767  INFO 13200 --- [         task-1] org.hibernate.dialect.Dialect            : HHH000400: Using dialect: org.hibernate.dialect.H2Dialect
2022-03-22 00:27:30.833  WARN 13200 --- [    Test worker] JpaBaseConfiguration$JpaWebConfiguration : spring.jpa.open-in-view is enabled by default. Therefore, database queries may be performed during view rendering. Explicitly configure spring.jpa.open-in-view to disable this warning
2022-03-22 00:27:30.849  INFO 13200 --- [         task-1] o.h.e.t.j.p.i.JtaPlatformInitiator       : HHH000490: Using JtaPlatform implementation: [org.hibernate.engine.transaction.jta.platform.internal.NoJtaPlatform]
2022-03-22 00:27:30.850  INFO 13200 --- [         task-1] j.LocalContainerEntityManagerFactoryBean : Initialized JPA EntityManagerFactory for persistence unit 'default'
2022-03-22 00:27:31.049  INFO 13200 --- [    Test worker] o.s.b.a.e.web.EndpointLinksResolver      : Exposing 14 endpoint(s) beneath base path '/actuator'
2022-03-22 00:27:31.068  INFO 13200 --- [    Test worker] o.s.s.web.DefaultSecurityFilterChain     : Creating filter chain: any request, [org.springframework.security.web.context.request.async.WebAsyncManagerIntegrationFilter@2de1d46f, org.springframework.security.web.context.SecurityContextPersistenceFilter@5b3f8e9b, org.springframework.security.web.header.HeaderWriterFilter@5226540c, org.springframework.security.web.authentication.logout.LogoutFilter@1e863742, org.springframework.security.web.authentication.www.BasicAuthenticationFilter@419e41ca, org.springframework.security.web.savedrequest.RequestCacheAwareFilter@2a94e40c, org.springframework.security.web.servletapi.SecurityContextHolderAwareRequestFilter@4af24366, org.springframework.security.web.authentication.AnonymousAuthenticationFilter@1b1cbb6, org.springframework.security.web.session.SessionManagementFilter@a0f2c86, org.springframework.security.web.access.ExceptionTranslationFilter@524463cb, org.springframework.security.web.access.intercept.FilterSecurityInterceptor@3f08a12f]
2022-03-22 00:27:31.068  WARN 13200 --- [    Test worker] o.s.s.c.a.web.builders.WebSecurity       : 

********************************************************************
**********        Security debugging is enabled.       *************
**********    This may include sensitive information.  *************
**********      Do not use in a production system!     *************
********************************************************************


2022-03-22 00:27:31.161  INFO 13200 --- [    Test worker] o.s.b.w.embedded.tomcat.TomcatWebServer  : Tomcat started on port(s): 28852 (http) with context path ''
2022-03-22 00:27:31.162  INFO 13200 --- [    Test worker] DeferredRepositoryInitializationListener : Triggering deferred initialization of Spring Data repositories…
2022-03-22 00:27:31.208  INFO 13200 --- [    Test worker] DeferredRepositoryInitializationListener : Spring Data repositories initialized!
2022-03-22 00:27:31.214  INFO 13200 --- [    Test worker] account.AccountServiceApplication        : Started AccountServiceApplication in 1.321 seconds (JVM running for 16.571)
?[1;31m
Start test 45?[0m
2022-03-22 00:27:31.221  INFO 13200 --- [io-28852-exec-1] o.a.c.c.C.[Tomcat].[localhost].[/]       : Initializing Spring DispatcherServlet 'dispatcherServlet'
2022-03-22 00:27:31.221  INFO 13200 --- [io-28852-exec-1] o.s.web.servlet.DispatcherServlet        : Initializing Servlet 'dispatcherServlet'
2022-03-22 00:27:31.224  INFO 13200 --- [io-28852-exec-1] o.s.web.servlet.DispatcherServlet        : Completed initialization in 3 ms
2022-03-22 00:27:31.225  INFO 13200 --- [io-28852-exec-1] Spring Security Debugger                 : 

************************************************************

Request received for GET '/api/empl/payment':

org.apache.catalina.connector.RequestFacade@40f21250

servletPath:/api/empl/payment
pathInfo:null
headers: 
authorization: Basic bWF4bXVzdGVybWFubkBhY21lLmNvbTphaTB5OWJNdnlGNkc=
host: localhost:28852
connection: Keep-Alive
user-agent: Apache-HttpClient/4.5.12 (Java/11.0.13)
accept-encoding: gzip,deflate


Security filter chain: [
  WebAsyncManagerIntegrationFilter
  SecurityContextPersistenceFilter
  HeaderWriterFilter
  LogoutFilter
  BasicAuthenticationFilter
  RequestCacheAwareFilter
  SecurityContextHolderAwareRequestFilter
  AnonymousAuthenticationFilter
  SessionManagementFilter
  ExceptionTranslationFilter
  FilterSecurityInterceptor
]


************************************************************


Hibernate: 
    select
        user0_.id as id1_0_,
        user0_.email as email2_0_,
        user0_.lastname as lastname3_0_,
        user0_.name as name4_0_,
        user0_.password as password5_0_ 
    from
        users user0_ 
    where
        upper(user0_.email)=upper(?)
Hibernate: 
    select
        user0_.id as id1_0_,
        user0_.email as email2_0_,
        user0_.lastname as lastname3_0_,
        user0_.name as name4_0_,
        user0_.password as password5_0_ 
    from
        users user0_ 
    where
        upper(user0_.email)=upper(?)
?[1;31m
Start test 46?[0m
2022-03-22 00:27:31.414  INFO 13200 --- [io-28852-exec-2] Spring Security Debugger                 : 

************************************************************

Request received for POST '/api/auth/changepass':

org.apache.catalina.connector.RequestFacade@7614f8d9

servletPath:/api/auth/changepass
pathInfo:null
headers: 
content-type: application/json
authorization: Basic am9obmRvZUBhY21lLmNvbTpvTW9hM1Z2cW5MeFc=
content-length: 31
host: localhost:28852
connection: Keep-Alive
user-agent: Apache-HttpClient/4.5.12 (Java/11.0.13)
accept-encoding: gzip,deflate


Security filter chain: [
  WebAsyncManagerIntegrationFilter
  SecurityContextPersistenceFilter
  HeaderWriterFilter
  LogoutFilter
  BasicAuthenticationFilter
  RequestCacheAwareFilter
  SecurityContextHolderAwareRequestFilter
  AnonymousAuthenticationFilter
  SessionManagementFilter
  ExceptionTranslationFilter
  FilterSecurityInterceptor
]


************************************************************


Hibernate: 
    select
        user0_.id as id1_0_,
        user0_.email as email2_0_,
        user0_.lastname as lastname3_0_,
        user0_.name as name4_0_,
        user0_.password as password5_0_ 
    from
        users user0_ 
    where
        upper(user0_.email)=upper(?)
Hibernate: 
    select
        user0_.id as id1_0_,
        user0_.email as email2_0_,
        user0_.lastname as lastname3_0_,
        user0_.name as name4_0_,
        user0_.password as password5_0_ 
    from
        users user0_ 
    where
        upper(user0_.email)=upper(?)
$2a$10$IhwlO/MmxU.HVGtxk62z0u4D2Yc.er3N5N9EWqEDn6yFMjxmYivZ2 ********************** aNob5VvqzRtb
Hibernate: 
    update
        users 
    set
        email=?,
        lastname=?,
        name=?,
        password=? 
    where
        id=?
?[1;31m
Start test 47?[0m
2022-03-22 00:27:31.695  INFO 13200 --- [io-28852-exec-3] Spring Security Debugger                 : 

************************************************************

Request received for GET '/api/empl/payment':

org.apache.catalina.connector.RequestFacade@5ad37905

servletPath:/api/empl/payment
pathInfo:null
headers: 
authorization: Basic Sm9obkRvZUBhY21lLmNvbTpvTW9hM1Z2cW5MeFc=
host: localhost:28852
connection: Keep-Alive
user-agent: Apache-HttpClient/4.5.12 (Java/11.0.13)
accept-encoding: gzip,deflate


Security filter chain: [
  WebAsyncManagerIntegrationFilter
  SecurityContextPersistenceFilter
  HeaderWriterFilter
  LogoutFilter
  BasicAuthenticationFilter
  RequestCacheAwareFilter
  SecurityContextHolderAwareRequestFilter
  AnonymousAuthenticationFilter
  SessionManagementFilter
  ExceptionTranslationFilter
  FilterSecurityInterceptor
]


************************************************************


Hibernate: 
    select
        user0_.id as id1_0_,
        user0_.email as email2_0_,
        user0_.lastname as lastname3_0_,
        user0_.name as name4_0_,
        user0_.password as password5_0_ 
    from
        users user0_ 
    where
        upper(user0_.email)=upper(?)
2022-03-22 00:27:31.942  INFO 13200 --- [io-28852-exec-3] Spring Security Debugger                 : 

************************************************************

Request received for GET '/error':

org.apache.catalina.core.ApplicationHttpRequest@2476c5a0

servletPath:/error
pathInfo:null
headers: 
authorization: Basic Sm9obkRvZUBhY21lLmNvbTpvTW9hM1Z2cW5MeFc=
host: localhost:28852
connection: Keep-Alive
user-agent: Apache-HttpClient/4.5.12 (Java/11.0.13)
accept-encoding: gzip,deflate


Security filter chain: [
  WebAsyncManagerIntegrationFilter
  SecurityContextPersistenceFilter
  HeaderWriterFilter
  LogoutFilter
  BasicAuthenticationFilter
  RequestCacheAwareFilter
  SecurityContextHolderAwareRequestFilter
  AnonymousAuthenticationFilter
  SessionManagementFilter
  ExceptionTranslationFilter
  FilterSecurityInterceptor
]


************************************************************


?[1;31m
Start test 48?[0m
2022-03-22 00:27:31.951  INFO 13200 --- [io-28852-exec-4] Spring Security Debugger                 : 

************************************************************

Request received for GET '/api/empl/payment':

org.apache.catalina.connector.RequestFacade@51fb2c59

servletPath:/api/empl/payment
pathInfo:null
headers: 
authorization: Basic Sm9obkRvZUBhY21lLmNvbTphTm9iNVZ2cXpSdGI=
host: localhost:28852
connection: Keep-Alive
user-agent: Apache-HttpClient/4.5.12 (Java/11.0.13)
accept-encoding: gzip,deflate


Security filter chain: [
  WebAsyncManagerIntegrationFilter
  SecurityContextPersistenceFilter
  HeaderWriterFilter
  LogoutFilter
  BasicAuthenticationFilter
  RequestCacheAwareFilter
  SecurityContextHolderAwareRequestFilter
  AnonymousAuthenticationFilter
  SessionManagementFilter
  ExceptionTranslationFilter
  FilterSecurityInterceptor
]


************************************************************


Hibernate: 
    select
        user0_.id as id1_0_,
        user0_.email as email2_0_,
        user0_.lastname as lastname3_0_,
        user0_.name as name4_0_,
        user0_.password as password5_0_ 
    from
        users user0_ 
    where
        upper(user0_.email)=upper(?)
Hibernate: 
    select
        user0_.id as id1_0_,
        user0_.email as email2_0_,
        user0_.lastname as lastname3_0_,
        user0_.name as name4_0_,
        user0_.password as password5_0_ 
    from
        users user0_ 
    where
        upper(user0_.email)=upper(?)
?[1;31m
Start test 49?[0m
2022-03-22 00:27:32.042  INFO 13200 --- [io-28852-exec-5] Spring Security Debugger                 : 

************************************************************

Request received for POST '/api/auth/changepass':

org.apache.catalina.connector.RequestFacade@477d22c3

servletPath:/api/auth/changepass
pathInfo:null
headers: 
content-type: application/json
authorization: Basic bWF4bXVzdGVybWFubkBhY21lLmNvbTphaTB5OWJNdnlGNkc=
content-length: 31
host: localhost:28852
connection: Keep-Alive
user-agent: Apache-HttpClient/4.5.12 (Java/11.0.13)
accept-encoding: gzip,deflate


Security filter chain: [
  WebAsyncManagerIntegrationFilter
  SecurityContextPersistenceFilter
  HeaderWriterFilter
  LogoutFilter
  BasicAuthenticationFilter
  RequestCacheAwareFilter
  SecurityContextHolderAwareRequestFilter
  AnonymousAuthenticationFilter
  SessionManagementFilter
  ExceptionTranslationFilter
  FilterSecurityInterceptor
]


************************************************************


Hibernate: 
    select
        user0_.id as id1_0_,
        user0_.email as email2_0_,
        user0_.lastname as lastname3_0_,
        user0_.name as name4_0_,
        user0_.password as password5_0_ 
    from
        users user0_ 
    where
        upper(user0_.email)=upper(?)
Hibernate: 
    select
        user0_.id as id1_0_,
        user0_.email as email2_0_,
        user0_.lastname as lastname3_0_,
        user0_.name as name4_0_,
        user0_.password as password5_0_ 
    from
        users user0_ 
    where
        upper(user0_.email)=upper(?)
$2a$10$JIxPkWyZiGHakf.H9JNfsupO.cXtorpRVPx//XzwKwiWY92c1xHMO ********************** aNob5VvqzRtb
Hibernate: 
    update
        users 
    set
        email=?,
        lastname=?,
        name=?,
        password=? 
    where
        id=?
?[1;31m
Start test 50?[0m
2022-03-22 00:27:32.309  INFO 13200 --- [io-28852-exec-7] Spring Security Debugger                 : 

************************************************************

Request received for GET '/api/empl/payment':

org.apache.catalina.connector.RequestFacade@5553ab32

servletPath:/api/empl/payment
pathInfo:null
headers: 
authorization: Basic TWF4TXVzdGVybWFubkBhY21lLmNvbTphaTB5OWJNdnlGNkc=
host: localhost:28852
connection: Keep-Alive
user-agent: Apache-HttpClient/4.5.12 (Java/11.0.13)
accept-encoding: gzip,deflate


Security filter chain: [
  WebAsyncManagerIntegrationFilter
  SecurityContextPersistenceFilter
  HeaderWriterFilter
  LogoutFilter
  BasicAuthenticationFilter
  RequestCacheAwareFilter
  SecurityContextHolderAwareRequestFilter
  AnonymousAuthenticationFilter
  SessionManagementFilter
  ExceptionTranslationFilter
  FilterSecurityInterceptor
]


************************************************************


Hibernate: 
    select
        user0_.id as id1_0_,
        user0_.email as email2_0_,
        user0_.lastname as lastname3_0_,
        user0_.name as name4_0_,
        user0_.password as password5_0_ 
    from
        users user0_ 
    where
        upper(user0_.email)=upper(?)
2022-03-22 00:27:32.474  INFO 13200 --- [io-28852-exec-7] Spring Security Debugger                 : 

************************************************************

Request received for GET '/error':

org.apache.catalina.core.ApplicationHttpRequest@2bf99935

servletPath:/error
pathInfo:null
headers: 
authorization: Basic TWF4TXVzdGVybWFubkBhY21lLmNvbTphaTB5OWJNdnlGNkc=
host: localhost:28852
connection: Keep-Alive
user-agent: Apache-HttpClient/4.5.12 (Java/11.0.13)
accept-encoding: gzip,deflate


Security filter chain: [
  WebAsyncManagerIntegrationFilter
  SecurityContextPersistenceFilter
  HeaderWriterFilter
  LogoutFilter
  BasicAuthenticationFilter
  RequestCacheAwareFilter
  SecurityContextHolderAwareRequestFilter
  AnonymousAuthenticationFilter
  SessionManagementFilter
  ExceptionTranslationFilter
  FilterSecurityInterceptor
]


************************************************************


?[1;31m
Start test 51?[0m
2022-03-22 00:27:32.480  INFO 13200 --- [io-28852-exec-6] Spring Security Debugger                 : 

************************************************************

Request received for GET '/api/empl/payment':

org.apache.catalina.connector.RequestFacade@5cd99a47

servletPath:/api/empl/payment
pathInfo:null
headers: 
authorization: Basic TWF4TXVzdGVybWFubkBhY21lLmNvbTphTm9iNVZ2cXpSdGI=
host: localhost:28852
connection: Keep-Alive
user-agent: Apache-HttpClient/4.5.12 (Java/11.0.13)
accept-encoding: gzip,deflate


Security filter chain: [
  WebAsyncManagerIntegrationFilter
  SecurityContextPersistenceFilter
  HeaderWriterFilter
  LogoutFilter
  BasicAuthenticationFilter
  RequestCacheAwareFilter
  SecurityContextHolderAwareRequestFilter
  AnonymousAuthenticationFilter
  SessionManagementFilter
  ExceptionTranslationFilter
  FilterSecurityInterceptor
]


************************************************************


Hibernate: 
    select
        user0_.id as id1_0_,
        user0_.email as email2_0_,
        user0_.lastname as lastname3_0_,
        user0_.name as name4_0_,
        user0_.password as password5_0_ 
    from
        users user0_ 
    where
        upper(user0_.email)=upper(?)
Hibernate: 
    select
        user0_.id as id1_0_,
        user0_.email as email2_0_,
        user0_.lastname as lastname3_0_,
        user0_.name as name4_0_,
        user0_.password as password5_0_ 
    from
        users user0_ 
    where
        upper(user0_.email)=upper(?)
2022-03-22 00:27:32.570  INFO 13200 --- [io-28852-exec-8] Spring Security Debugger                 : 

************************************************************

Request received for POST '/actuator/shutdown':

org.apache.catalina.connector.RequestFacade@3c7d9336

servletPath:/actuator/shutdown
pathInfo:null
headers: 
content-type: application/json
content-length: 0
host: localhost:28852
connection: Keep-Alive
user-agent: Apache-HttpClient/4.5.12 (Java/11.0.13)
accept-encoding: gzip,deflate


Security filter chain: [
  WebAsyncManagerIntegrationFilter
  SecurityContextPersistenceFilter
  HeaderWriterFilter
  LogoutFilter
  BasicAuthenticationFilter
  RequestCacheAwareFilter
  SecurityContextHolderAwareRequestFilter
  AnonymousAuthenticationFilter
  SessionManagementFilter
  ExceptionTranslationFilter
  FilterSecurityInterceptor
]


************************************************************


]]></system-out>
  <system-err><![CDATA[]]></system-err>
</testsuite>
